{
  "/Users/piperjarrett/mod3/re-sip-e_fe/src/Cocktail/Cocktail.js": {
    "path": "/Users/piperjarrett/mod3/re-sip-e_fe/src/Cocktail/Cocktail.js",
    "statementMap": {
      "0": {
        "start": {
          "line": 5,
          "column": 17
        },
        "end": {
          "line": 29,
          "column": 1
        }
      },
      "1": {
        "start": {
          "line": 6,
          "column": 26
        },
        "end": {
          "line": 6,
          "column": 38
        }
      },
      "2": {
        "start": {
          "line": 7,
          "column": 2
        },
        "end": {
          "line": 13,
          "column": 5
        }
      },
      "3": {
        "start": {
          "line": 8,
          "column": 4
        },
        "end": {
          "line": 12,
          "column": 5
        }
      },
      "4": {
        "start": {
          "line": 9,
          "column": 6
        },
        "end": {
          "line": 9,
          "column": 39
        }
      },
      "5": {
        "start": {
          "line": 11,
          "column": 6
        },
        "end": {
          "line": 11,
          "column": 33
        }
      },
      "6": {
        "start": {
          "line": 14,
          "column": 2
        },
        "end": {
          "line": 28,
          "column": 4
        }
      }
    },
    "fnMap": {
      "0": {
        "name": "(anonymous_0)",
        "decl": {
          "start": {
            "line": 5,
            "column": 17
          },
          "end": {
            "line": 5,
            "column": 18
          }
        },
        "loc": {
          "start": {
            "line": 5,
            "column": 45
          },
          "end": {
            "line": 29,
            "column": 1
          }
        },
        "line": 5
      },
      "1": {
        "name": "(anonymous_1)",
        "decl": {
          "start": {
            "line": 7,
            "column": 12
          },
          "end": {
            "line": 7,
            "column": 13
          }
        },
        "loc": {
          "start": {
            "line": 7,
            "column": 18
          },
          "end": {
            "line": 13,
            "column": 3
          }
        },
        "line": 7
      }
    },
    "branchMap": {
      "0": {
        "loc": {
          "start": {
            "line": 8,
            "column": 4
          },
          "end": {
            "line": 12,
            "column": 5
          }
        },
        "type": "if",
        "locations": [
          {
            "start": {
              "line": 8,
              "column": 4
            },
            "end": {
              "line": 12,
              "column": 5
            }
          },
          {
            "start": {
              "line": 8,
              "column": 4
            },
            "end": {
              "line": 12,
              "column": 5
            }
          }
        ],
        "line": 8
      }
    },
    "s": {
      "0": 1,
      "1": 0,
      "2": 0,
      "3": 0,
      "4": 0,
      "5": 0,
      "6": 0
    },
    "f": {
      "0": 0,
      "1": 0
    },
    "b": {
      "0": [
        0,
        0
      ]
    },
    "_coverageSchema": "1a1c01bbd47fc00a2c39e90264f33305004495a9",
    "hash": "c6c9caa48673fd1eda5a8f70b7068b42d21d26c3"
  },
  "/Users/piperjarrett/mod3/re-sip-e_fe/src/CocktailContainer/CocktailContainer.js": {
    "path": "/Users/piperjarrett/mod3/re-sip-e_fe/src/CocktailContainer/CocktailContainer.js",
    "statementMap": {
      "0": {
        "start": {
          "line": 3,
          "column": 26
        },
        "end": {
          "line": 12,
          "column": 1
        }
      },
      "1": {
        "start": {
          "line": 4,
          "column": 23
        },
        "end": {
          "line": 10,
          "column": 4
        }
      },
      "2": {
        "start": {
          "line": 5,
          "column": 4
        },
        "end": {
          "line": 9,
          "column": 6
        }
      },
      "3": {
        "start": {
          "line": 11,
          "column": 2
        },
        "end": {
          "line": 11,
          "column": 57
        }
      }
    },
    "fnMap": {
      "0": {
        "name": "(anonymous_0)",
        "decl": {
          "start": {
            "line": 3,
            "column": 26
          },
          "end": {
            "line": 3,
            "column": 27
          }
        },
        "loc": {
          "start": {
            "line": 3,
            "column": 55
          },
          "end": {
            "line": 12,
            "column": 1
          }
        },
        "line": 3
      },
      "1": {
        "name": "(anonymous_1)",
        "decl": {
          "start": {
            "line": 4,
            "column": 37
          },
          "end": {
            "line": 4,
            "column": 38
          }
        },
        "loc": {
          "start": {
            "line": 4,
            "column": 51
          },
          "end": {
            "line": 10,
            "column": 3
          }
        },
        "line": 4
      }
    },
    "branchMap": {},
    "s": {
      "0": 1,
      "1": 0,
      "2": 0,
      "3": 0
    },
    "f": {
      "0": 0,
      "1": 0
    },
    "b": {},
    "_coverageSchema": "1a1c01bbd47fc00a2c39e90264f33305004495a9",
    "hash": "d76115014f17ffc559747a588626c17cc52373dd"
  },
  "/Users/piperjarrett/mod3/re-sip-e_fe/src/NavBar/NavBar.js": {
    "path": "/Users/piperjarrett/mod3/re-sip-e_fe/src/NavBar/NavBar.js",
    "statementMap": {
      "0": {
        "start": {
          "line": 9,
          "column": 15
        },
        "end": {
          "line": 53,
          "column": 1
        }
      },
      "1": {
        "start": {
          "line": 10,
          "column": 2
        },
        "end": {
          "line": 52,
          "column": 4
        }
      }
    },
    "fnMap": {
      "0": {
        "name": "(anonymous_0)",
        "decl": {
          "start": {
            "line": 9,
            "column": 15
          },
          "end": {
            "line": 9,
            "column": 16
          }
        },
        "loc": {
          "start": {
            "line": 9,
            "column": 21
          },
          "end": {
            "line": 53,
            "column": 1
          }
        },
        "line": 9
      }
    },
    "branchMap": {},
    "s": {
      "0": 1,
      "1": 1
    },
    "f": {
      "0": 1
    },
    "b": {},
    "_coverageSchema": "1a1c01bbd47fc00a2c39e90264f33305004495a9",
    "hash": "a5d83ed35de75771a70c9d8e04fc1f1f04717566"
  },
  "/Users/piperjarrett/mod3/re-sip-e_fe/src/IngredientsCard/IngredientsCard.js": {
    "path": "/Users/piperjarrett/mod3/re-sip-e_fe/src/IngredientsCard/IngredientsCard.js",
    "statementMap": {
      "0": {
        "start": {
          "line": 5,
          "column": 23
        },
        "end": {
          "line": 20,
          "column": 1
        }
      },
      "1": {
        "start": {
          "line": 6,
          "column": 2
        },
        "end": {
          "line": 19,
          "column": 11
        }
      },
      "2": {
        "start": {
          "line": 11,
          "column": 31
        },
        "end": {
          "line": 11,
          "column": 67
        }
      },
      "3": {
        "start": {
          "line": 16,
          "column": 23
        },
        "end": {
          "line": 16,
          "column": 54
        }
      }
    },
    "fnMap": {
      "0": {
        "name": "(anonymous_0)",
        "decl": {
          "start": {
            "line": 5,
            "column": 23
          },
          "end": {
            "line": 5,
            "column": 24
          }
        },
        "loc": {
          "start": {
            "line": 5,
            "column": 77
          },
          "end": {
            "line": 20,
            "column": 1
          }
        },
        "line": 5
      },
      "1": {
        "name": "(anonymous_1)",
        "decl": {
          "start": {
            "line": 11,
            "column": 20
          },
          "end": {
            "line": 11,
            "column": 21
          }
        },
        "loc": {
          "start": {
            "line": 11,
            "column": 31
          },
          "end": {
            "line": 11,
            "column": 67
          }
        },
        "line": 11
      },
      "2": {
        "name": "(anonymous_2)",
        "decl": {
          "start": {
            "line": 16,
            "column": 17
          },
          "end": {
            "line": 16,
            "column": 18
          }
        },
        "loc": {
          "start": {
            "line": 16,
            "column": 23
          },
          "end": {
            "line": 16,
            "column": 54
          }
        },
        "line": 16
      }
    },
    "branchMap": {
      "0": {
        "loc": {
          "start": {
            "line": 6,
            "column": 9
          },
          "end": {
            "line": 19,
            "column": 10
          }
        },
        "type": "cond-expr",
        "locations": [
          {
            "start": {
              "line": 7,
              "column": 4
            },
            "end": {
              "line": 18,
              "column": 10
            }
          },
          {
            "start": {
              "line": 19,
              "column": 6
            },
            "end": {
              "line": 19,
              "column": 10
            }
          }
        ],
        "line": 6
      }
    },
    "s": {
      "0": 1,
      "1": 15,
      "2": 0,
      "3": 3
    },
    "f": {
      "0": 15,
      "1": 0,
      "2": 3
    },
    "b": {
      "0": [
        6,
        9
      ]
    },
    "_coverageSchema": "1a1c01bbd47fc00a2c39e90264f33305004495a9",
    "hash": "b5c7f0c96098001ea3c779f55288119969d241e3"
  },
  "/Users/piperjarrett/mod3/re-sip-e_fe/src/Ingredients/Ingredients.js": {
    "path": "/Users/piperjarrett/mod3/re-sip-e_fe/src/Ingredients/Ingredients.js",
    "statementMap": {
      "0": {
        "start": {
          "line": 6,
          "column": 20
        },
        "end": {
          "line": 40,
          "column": 1
        }
      },
      "1": {
        "start": {
          "line": 13,
          "column": 25
        },
        "end": {
          "line": 23,
          "column": 4
        }
      },
      "2": {
        "start": {
          "line": 14,
          "column": 4
        },
        "end": {
          "line": 22,
          "column": 6
        }
      },
      "3": {
        "start": {
          "line": 24,
          "column": 2
        },
        "end": {
          "line": 39,
          "column": 4
        }
      },
      "4": {
        "start": {
          "line": 33,
          "column": 33
        },
        "end": {
          "line": 33,
          "column": 52
        }
      },
      "5": {
        "start": {
          "line": 35,
          "column": 55
        },
        "end": {
          "line": 35,
          "column": 70
        }
      }
    },
    "fnMap": {
      "0": {
        "name": "(anonymous_0)",
        "decl": {
          "start": {
            "line": 6,
            "column": 20
          },
          "end": {
            "line": 6,
            "column": 21
          }
        },
        "loc": {
          "start": {
            "line": 12,
            "column": 6
          },
          "end": {
            "line": 40,
            "column": 1
          }
        },
        "line": 12
      },
      "1": {
        "name": "(anonymous_1)",
        "decl": {
          "start": {
            "line": 13,
            "column": 41
          },
          "end": {
            "line": 13,
            "column": 42
          }
        },
        "loc": {
          "start": {
            "line": 13,
            "column": 57
          },
          "end": {
            "line": 23,
            "column": 3
          }
        },
        "line": 13
      },
      "2": {
        "name": "(anonymous_2)",
        "decl": {
          "start": {
            "line": 33,
            "column": 22
          },
          "end": {
            "line": 33,
            "column": 23
          }
        },
        "loc": {
          "start": {
            "line": 33,
            "column": 33
          },
          "end": {
            "line": 33,
            "column": 52
          }
        },
        "line": 33
      },
      "3": {
        "name": "(anonymous_3)",
        "decl": {
          "start": {
            "line": 35,
            "column": 49
          },
          "end": {
            "line": 35,
            "column": 50
          }
        },
        "loc": {
          "start": {
            "line": 35,
            "column": 55
          },
          "end": {
            "line": 35,
            "column": 70
          }
        },
        "line": 35
      }
    },
    "branchMap": {},
    "s": {
      "0": 1,
      "1": 5,
      "2": 15,
      "3": 5,
      "4": 0,
      "5": 0
    },
    "f": {
      "0": 5,
      "1": 15,
      "2": 0,
      "3": 0
    },
    "b": {},
    "_coverageSchema": "1a1c01bbd47fc00a2c39e90264f33305004495a9",
    "hash": "6fbe7c1a1cf3d1fde5f3ec78345422976bdeeaca"
  },
  "/Users/piperjarrett/mod3/re-sip-e_fe/src/Steps/Steps.js": {
    "path": "/Users/piperjarrett/mod3/re-sip-e_fe/src/Steps/Steps.js",
    "statementMap": {
      "0": {
        "start": {
          "line": 4,
          "column": 14
        },
        "end": {
          "line": 20,
          "column": 1
        }
      },
      "1": {
        "start": {
          "line": 5,
          "column": 2
        },
        "end": {
          "line": 19,
          "column": 4
        }
      },
      "2": {
        "start": {
          "line": 14,
          "column": 33
        },
        "end": {
          "line": 14,
          "column": 52
        }
      }
    },
    "fnMap": {
      "0": {
        "name": "(anonymous_0)",
        "decl": {
          "start": {
            "line": 4,
            "column": 14
          },
          "end": {
            "line": 4,
            "column": 15
          }
        },
        "loc": {
          "start": {
            "line": 4,
            "column": 43
          },
          "end": {
            "line": 20,
            "column": 1
          }
        },
        "line": 4
      },
      "1": {
        "name": "(anonymous_1)",
        "decl": {
          "start": {
            "line": 14,
            "column": 22
          },
          "end": {
            "line": 14,
            "column": 23
          }
        },
        "loc": {
          "start": {
            "line": 14,
            "column": 33
          },
          "end": {
            "line": 14,
            "column": 52
          }
        },
        "line": 14
      }
    },
    "branchMap": {},
    "s": {
      "0": 1,
      "1": 5,
      "2": 0
    },
    "f": {
      "0": 5,
      "1": 0
    },
    "b": {},
    "_coverageSchema": "1a1c01bbd47fc00a2c39e90264f33305004495a9",
    "hash": "126d69f4dd1f66b102dd9ea0ec84527d9687a972"
  },
  "/Users/piperjarrett/mod3/re-sip-e_fe/src/EditCocktail/EditCocktail.js": {
    "path": "/Users/piperjarrett/mod3/re-sip-e_fe/src/EditCocktail/EditCocktail.js",
    "statementMap": {
      "0": {
        "start": {
          "line": 25,
          "column": 21
        },
        "end": {
          "line": 294,
          "column": 1
        }
      },
      "1": {
        "start": {
          "line": 26,
          "column": 38
        },
        "end": {
          "line": 26,
          "column": 53
        }
      },
      "2": {
        "start": {
          "line": 27,
          "column": 21
        },
        "end": {
          "line": 27,
          "column": 39
        }
      },
      "3": {
        "start": {
          "line": 28,
          "column": 19
        },
        "end": {
          "line": 28,
          "column": 37
        }
      },
      "4": {
        "start": {
          "line": 29,
          "column": 40
        },
        "end": {
          "line": 29,
          "column": 52
        }
      },
      "5": {
        "start": {
          "line": 30,
          "column": 42
        },
        "end": {
          "line": 30,
          "column": 54
        }
      },
      "6": {
        "start": {
          "line": 31,
          "column": 44
        },
        "end": {
          "line": 31,
          "column": 56
        }
      },
      "7": {
        "start": {
          "line": 32,
          "column": 53
        },
        "end": {
          "line": 32,
          "column": 65
        }
      },
      "8": {
        "start": {
          "line": 33,
          "column": 28
        },
        "end": {
          "line": 33,
          "column": 40
        }
      },
      "9": {
        "start": {
          "line": 34,
          "column": 36
        },
        "end": {
          "line": 34,
          "column": 48
        }
      },
      "10": {
        "start": {
          "line": 35,
          "column": 32
        },
        "end": {
          "line": 35,
          "column": 44
        }
      },
      "11": {
        "start": {
          "line": 36,
          "column": 35
        },
        "end": {
          "line": 36,
          "column": 50
        }
      },
      "12": {
        "start": {
          "line": 38,
          "column": 28
        },
        "end": {
          "line": 53,
          "column": 3
        }
      },
      "13": {
        "start": {
          "line": 54,
          "column": 25
        },
        "end": {
          "line": 69,
          "column": 3
        }
      },
      "14": {
        "start": {
          "line": 71,
          "column": 50
        },
        "end": {
          "line": 73,
          "column": 3
        }
      },
      "15": {
        "start": {
          "line": 75,
          "column": 2
        },
        "end": {
          "line": 88,
          "column": 9
        }
      },
      "16": {
        "start": {
          "line": 76,
          "column": 4
        },
        "end": {
          "line": 87,
          "column": 5
        }
      },
      "17": {
        "start": {
          "line": 77,
          "column": 29
        },
        "end": {
          "line": 82,
          "column": 8
        }
      },
      "18": {
        "start": {
          "line": 78,
          "column": 8
        },
        "end": {
          "line": 81,
          "column": 10
        }
      },
      "19": {
        "start": {
          "line": 83,
          "column": 6
        },
        "end": {
          "line": 83,
          "column": 44
        }
      },
      "20": {
        "start": {
          "line": 84,
          "column": 6
        },
        "end": {
          "line": 84,
          "column": 44
        }
      },
      "21": {
        "start": {
          "line": 85,
          "column": 6
        },
        "end": {
          "line": 85,
          "column": 38
        }
      },
      "22": {
        "start": {
          "line": 86,
          "column": 6
        },
        "end": {
          "line": 86,
          "column": 43
        }
      },
      "23": {
        "start": {
          "line": 90,
          "column": 23
        },
        "end": {
          "line": 100,
          "column": 3
        }
      },
      "24": {
        "start": {
          "line": 91,
          "column": 4
        },
        "end": {
          "line": 99,
          "column": 5
        }
      },
      "25": {
        "start": {
          "line": 92,
          "column": 6
        },
        "end": {
          "line": 92,
          "column": 42
        }
      },
      "26": {
        "start": {
          "line": 93,
          "column": 11
        },
        "end": {
          "line": 99,
          "column": 5
        }
      },
      "27": {
        "start": {
          "line": 94,
          "column": 6
        },
        "end": {
          "line": 94,
          "column": 43
        }
      },
      "28": {
        "start": {
          "line": 95,
          "column": 11
        },
        "end": {
          "line": 99,
          "column": 5
        }
      },
      "29": {
        "start": {
          "line": 96,
          "column": 6
        },
        "end": {
          "line": 96,
          "column": 39
        }
      },
      "30": {
        "start": {
          "line": 98,
          "column": 6
        },
        "end": {
          "line": 98,
          "column": 35
        }
      },
      "31": {
        "start": {
          "line": 102,
          "column": 27
        },
        "end": {
          "line": 119,
          "column": 3
        }
      },
      "32": {
        "start": {
          "line": 103,
          "column": 28
        },
        "end": {
          "line": 105,
          "column": 5
        }
      },
      "33": {
        "start": {
          "line": 104,
          "column": 22
        },
        "end": {
          "line": 104,
          "column": 42
        }
      },
      "34": {
        "start": {
          "line": 107,
          "column": 6
        },
        "end": {
          "line": 107,
          "column": 67
        }
      },
      "35": {
        "start": {
          "line": 108,
          "column": 23
        },
        "end": {
          "line": 117,
          "column": 6
        }
      },
      "36": {
        "start": {
          "line": 109,
          "column": 6
        },
        "end": {
          "line": 116,
          "column": 7
        }
      },
      "37": {
        "start": {
          "line": 110,
          "column": 8
        },
        "end": {
          "line": 113,
          "column": 10
        }
      },
      "38": {
        "start": {
          "line": 115,
          "column": 8
        },
        "end": {
          "line": 115,
          "column": 26
        }
      },
      "39": {
        "start": {
          "line": 118,
          "column": 4
        },
        "end": {
          "line": 118,
          "column": 38
        }
      },
      "40": {
        "start": {
          "line": 121,
          "column": 25
        },
        "end": {
          "line": 130,
          "column": 3
        }
      },
      "41": {
        "start": {
          "line": 122,
          "column": 22
        },
        "end": {
          "line": 128,
          "column": 6
        }
      },
      "42": {
        "start": {
          "line": 123,
          "column": 6
        },
        "end": {
          "line": 127,
          "column": 7
        }
      },
      "43": {
        "start": {
          "line": 124,
          "column": 8
        },
        "end": {
          "line": 124,
          "column": 66
        }
      },
      "44": {
        "start": {
          "line": 126,
          "column": 8
        },
        "end": {
          "line": 126,
          "column": 26
        }
      },
      "45": {
        "start": {
          "line": 129,
          "column": 4
        },
        "end": {
          "line": 129,
          "column": 37
        }
      },
      "46": {
        "start": {
          "line": 132,
          "column": 24
        },
        "end": {
          "line": 147,
          "column": 3
        }
      },
      "47": {
        "start": {
          "line": 133,
          "column": 4
        },
        "end": {
          "line": 146,
          "column": 5
        }
      },
      "48": {
        "start": {
          "line": 134,
          "column": 6
        },
        "end": {
          "line": 137,
          "column": 9
        }
      },
      "49": {
        "start": {
          "line": 139,
          "column": 6
        },
        "end": {
          "line": 145,
          "column": 9
        }
      },
      "50": {
        "start": {
          "line": 149,
          "column": 21
        },
        "end": {
          "line": 179,
          "column": 3
        }
      },
      "51": {
        "start": {
          "line": 150,
          "column": 4
        },
        "end": {
          "line": 176,
          "column": 5
        }
      },
      "52": {
        "start": {
          "line": 151,
          "column": 26
        },
        "end": {
          "line": 156,
          "column": 7
        }
      },
      "53": {
        "start": {
          "line": 157,
          "column": 6
        },
        "end": {
          "line": 157,
          "column": 34
        }
      },
      "54": {
        "start": {
          "line": 158,
          "column": 6
        },
        "end": {
          "line": 162,
          "column": 9
        }
      },
      "55": {
        "start": {
          "line": 164,
          "column": 23
        },
        "end": {
          "line": 170,
          "column": 7
        }
      },
      "56": {
        "start": {
          "line": 171,
          "column": 6
        },
        "end": {
          "line": 175,
          "column": 9
        }
      },
      "57": {
        "start": {
          "line": 177,
          "column": 4
        },
        "end": {
          "line": 177,
          "column": 20
        }
      },
      "58": {
        "start": {
          "line": 178,
          "column": 4
        },
        "end": {
          "line": 178,
          "column": 38
        }
      },
      "59": {
        "start": {
          "line": 181,
          "column": 26
        },
        "end": {
          "line": 200,
          "column": 3
        }
      },
      "60": {
        "start": {
          "line": 182,
          "column": 27
        },
        "end": {
          "line": 182,
          "column": 29
        }
      },
      "61": {
        "start": {
          "line": 183,
          "column": 4
        },
        "end": {
          "line": 187,
          "column": 7
        }
      },
      "62": {
        "start": {
          "line": 184,
          "column": 6
        },
        "end": {
          "line": 186,
          "column": 7
        }
      },
      "63": {
        "start": {
          "line": 185,
          "column": 8
        },
        "end": {
          "line": 185,
          "column": 42
        }
      },
      "64": {
        "start": {
          "line": 188,
          "column": 4
        },
        "end": {
          "line": 199,
          "column": 5
        }
      },
      "65": {
        "start": {
          "line": 189,
          "column": 6
        },
        "end": {
          "line": 189,
          "column": 21
        }
      },
      "66": {
        "start": {
          "line": 190,
          "column": 6
        },
        "end": {
          "line": 190,
          "column": 48
        }
      },
      "67": {
        "start": {
          "line": 191,
          "column": 11
        },
        "end": {
          "line": 199,
          "column": 5
        }
      },
      "68": {
        "start": {
          "line": 192,
          "column": 6
        },
        "end": {
          "line": 192,
          "column": 21
        }
      },
      "69": {
        "start": {
          "line": 193,
          "column": 6
        },
        "end": {
          "line": 193,
          "column": 59
        }
      },
      "70": {
        "start": {
          "line": 194,
          "column": 11
        },
        "end": {
          "line": 199,
          "column": 5
        }
      },
      "71": {
        "start": {
          "line": 195,
          "column": 6
        },
        "end": {
          "line": 195,
          "column": 21
        }
      },
      "72": {
        "start": {
          "line": 196,
          "column": 6
        },
        "end": {
          "line": 196,
          "column": 59
        }
      },
      "73": {
        "start": {
          "line": 198,
          "column": 6
        },
        "end": {
          "line": 198,
          "column": 19
        }
      },
      "74": {
        "start": {
          "line": 201,
          "column": 2
        },
        "end": {
          "line": 201,
          "column": 23
        }
      },
      "75": {
        "start": {
          "line": 202,
          "column": 2
        },
        "end": {
          "line": 293,
          "column": 4
        }
      },
      "76": {
        "start": {
          "line": 227,
          "column": 37
        },
        "end": {
          "line": 227,
          "column": 56
        }
      },
      "77": {
        "start": {
          "line": 238,
          "column": 37
        },
        "end": {
          "line": 238,
          "column": 56
        }
      },
      "78": {
        "start": {
          "line": 276,
          "column": 34
        },
        "end": {
          "line": 276,
          "column": 56
        }
      }
    },
    "fnMap": {
      "0": {
        "name": "(anonymous_0)",
        "decl": {
          "start": {
            "line": 25,
            "column": 21
          },
          "end": {
            "line": 25,
            "column": 22
          }
        },
        "loc": {
          "start": {
            "line": 25,
            "column": 46
          },
          "end": {
            "line": 294,
            "column": 1
          }
        },
        "line": 25
      },
      "1": {
        "name": "(anonymous_1)",
        "decl": {
          "start": {
            "line": 75,
            "column": 12
          },
          "end": {
            "line": 75,
            "column": 13
          }
        },
        "loc": {
          "start": {
            "line": 75,
            "column": 18
          },
          "end": {
            "line": 88,
            "column": 3
          }
        },
        "line": 75
      },
      "2": {
        "name": "(anonymous_2)",
        "decl": {
          "start": {
            "line": 77,
            "column": 61
          },
          "end": {
            "line": 77,
            "column": 62
          }
        },
        "loc": {
          "start": {
            "line": 77,
            "column": 77
          },
          "end": {
            "line": 82,
            "column": 7
          }
        },
        "line": 77
      },
      "3": {
        "name": "(anonymous_3)",
        "decl": {
          "start": {
            "line": 90,
            "column": 23
          },
          "end": {
            "line": 90,
            "column": 24
          }
        },
        "loc": {
          "start": {
            "line": 90,
            "column": 34
          },
          "end": {
            "line": 100,
            "column": 3
          }
        },
        "line": 90
      },
      "4": {
        "name": "(anonymous_4)",
        "decl": {
          "start": {
            "line": 102,
            "column": 27
          },
          "end": {
            "line": 102,
            "column": 28
          }
        },
        "loc": {
          "start": {
            "line": 102,
            "column": 35
          },
          "end": {
            "line": 119,
            "column": 3
          }
        },
        "line": 102
      },
      "5": {
        "name": "(anonymous_5)",
        "decl": {
          "start": {
            "line": 104,
            "column": 6
          },
          "end": {
            "line": 104,
            "column": 7
          }
        },
        "loc": {
          "start": {
            "line": 104,
            "column": 22
          },
          "end": {
            "line": 104,
            "column": 42
          }
        },
        "line": 104
      },
      "6": {
        "name": "(anonymous_6)",
        "decl": {
          "start": {
            "line": 108,
            "column": 45
          },
          "end": {
            "line": 108,
            "column": 46
          }
        },
        "loc": {
          "start": {
            "line": 108,
            "column": 61
          },
          "end": {
            "line": 117,
            "column": 5
          }
        },
        "line": 108
      },
      "7": {
        "name": "(anonymous_7)",
        "decl": {
          "start": {
            "line": 121,
            "column": 25
          },
          "end": {
            "line": 121,
            "column": 26
          }
        },
        "loc": {
          "start": {
            "line": 121,
            "column": 40
          },
          "end": {
            "line": 130,
            "column": 3
          }
        },
        "line": 121
      },
      "8": {
        "name": "(anonymous_8)",
        "decl": {
          "start": {
            "line": 122,
            "column": 44
          },
          "end": {
            "line": 122,
            "column": 45
          }
        },
        "loc": {
          "start": {
            "line": 122,
            "column": 60
          },
          "end": {
            "line": 128,
            "column": 5
          }
        },
        "line": 122
      },
      "9": {
        "name": "(anonymous_9)",
        "decl": {
          "start": {
            "line": 132,
            "column": 24
          },
          "end": {
            "line": 132,
            "column": 25
          }
        },
        "loc": {
          "start": {
            "line": 132,
            "column": 30
          },
          "end": {
            "line": 147,
            "column": 3
          }
        },
        "line": 132
      },
      "10": {
        "name": "(anonymous_10)",
        "decl": {
          "start": {
            "line": 149,
            "column": 21
          },
          "end": {
            "line": 149,
            "column": 22
          }
        },
        "loc": {
          "start": {
            "line": 149,
            "column": 27
          },
          "end": {
            "line": 179,
            "column": 3
          }
        },
        "line": 149
      },
      "11": {
        "name": "(anonymous_11)",
        "decl": {
          "start": {
            "line": 181,
            "column": 26
          },
          "end": {
            "line": 181,
            "column": 27
          }
        },
        "loc": {
          "start": {
            "line": 181,
            "column": 37
          },
          "end": {
            "line": 200,
            "column": 3
          }
        },
        "line": 181
      },
      "12": {
        "name": "(anonymous_12)",
        "decl": {
          "start": {
            "line": 183,
            "column": 30
          },
          "end": {
            "line": 183,
            "column": 31
          }
        },
        "loc": {
          "start": {
            "line": 183,
            "column": 46
          },
          "end": {
            "line": 187,
            "column": 5
          }
        },
        "line": 183
      },
      "13": {
        "name": "(anonymous_13)",
        "decl": {
          "start": {
            "line": 227,
            "column": 26
          },
          "end": {
            "line": 227,
            "column": 27
          }
        },
        "loc": {
          "start": {
            "line": 227,
            "column": 37
          },
          "end": {
            "line": 227,
            "column": 56
          }
        },
        "line": 227
      },
      "14": {
        "name": "(anonymous_14)",
        "decl": {
          "start": {
            "line": 238,
            "column": 26
          },
          "end": {
            "line": 238,
            "column": 27
          }
        },
        "loc": {
          "start": {
            "line": 238,
            "column": 37
          },
          "end": {
            "line": 238,
            "column": 56
          }
        },
        "line": 238
      },
      "15": {
        "name": "(anonymous_15)",
        "decl": {
          "start": {
            "line": 276,
            "column": 23
          },
          "end": {
            "line": 276,
            "column": 24
          }
        },
        "loc": {
          "start": {
            "line": 276,
            "column": 34
          },
          "end": {
            "line": 276,
            "column": 56
          }
        },
        "line": 276
      }
    },
    "branchMap": {
      "0": {
        "loc": {
          "start": {
            "line": 72,
            "column": 4
          },
          "end": {
            "line": 72,
            "column": 56
          }
        },
        "type": "cond-expr",
        "locations": [
          {
            "start": {
              "line": 72,
              "column": 22
            },
            "end": {
              "line": 72,
              "column": 39
            }
          },
          {
            "start": {
              "line": 72,
              "column": 42
            },
            "end": {
              "line": 72,
              "column": 56
            }
          }
        ],
        "line": 72
      },
      "1": {
        "loc": {
          "start": {
            "line": 76,
            "column": 4
          },
          "end": {
            "line": 87,
            "column": 5
          }
        },
        "type": "if",
        "locations": [
          {
            "start": {
              "line": 76,
              "column": 4
            },
            "end": {
              "line": 87,
              "column": 5
            }
          },
          {
            "start": {
              "line": 76,
              "column": 4
            },
            "end": {
              "line": 87,
              "column": 5
            }
          }
        ],
        "line": 76
      },
      "2": {
        "loc": {
          "start": {
            "line": 91,
            "column": 4
          },
          "end": {
            "line": 99,
            "column": 5
          }
        },
        "type": "if",
        "locations": [
          {
            "start": {
              "line": 91,
              "column": 4
            },
            "end": {
              "line": 99,
              "column": 5
            }
          },
          {
            "start": {
              "line": 91,
              "column": 4
            },
            "end": {
              "line": 99,
              "column": 5
            }
          }
        ],
        "line": 91
      },
      "3": {
        "loc": {
          "start": {
            "line": 93,
            "column": 11
          },
          "end": {
            "line": 99,
            "column": 5
          }
        },
        "type": "if",
        "locations": [
          {
            "start": {
              "line": 93,
              "column": 11
            },
            "end": {
              "line": 99,
              "column": 5
            }
          },
          {
            "start": {
              "line": 93,
              "column": 11
            },
            "end": {
              "line": 99,
              "column": 5
            }
          }
        ],
        "line": 93
      },
      "4": {
        "loc": {
          "start": {
            "line": 95,
            "column": 11
          },
          "end": {
            "line": 99,
            "column": 5
          }
        },
        "type": "if",
        "locations": [
          {
            "start": {
              "line": 95,
              "column": 11
            },
            "end": {
              "line": 99,
              "column": 5
            }
          },
          {
            "start": {
              "line": 95,
              "column": 11
            },
            "end": {
              "line": 99,
              "column": 5
            }
          }
        ],
        "line": 95
      },
      "5": {
        "loc": {
          "start": {
            "line": 109,
            "column": 6
          },
          "end": {
            "line": 116,
            "column": 7
          }
        },
        "type": "if",
        "locations": [
          {
            "start": {
              "line": 109,
              "column": 6
            },
            "end": {
              "line": 116,
              "column": 7
            }
          },
          {
            "start": {
              "line": 109,
              "column": 6
            },
            "end": {
              "line": 116,
              "column": 7
            }
          }
        ],
        "line": 109
      },
      "6": {
        "loc": {
          "start": {
            "line": 123,
            "column": 6
          },
          "end": {
            "line": 127,
            "column": 7
          }
        },
        "type": "if",
        "locations": [
          {
            "start": {
              "line": 123,
              "column": 6
            },
            "end": {
              "line": 127,
              "column": 7
            }
          },
          {
            "start": {
              "line": 123,
              "column": 6
            },
            "end": {
              "line": 127,
              "column": 7
            }
          }
        ],
        "line": 123
      },
      "7": {
        "loc": {
          "start": {
            "line": 133,
            "column": 4
          },
          "end": {
            "line": 146,
            "column": 5
          }
        },
        "type": "if",
        "locations": [
          {
            "start": {
              "line": 133,
              "column": 4
            },
            "end": {
              "line": 146,
              "column": 5
            }
          },
          {
            "start": {
              "line": 133,
              "column": 4
            },
            "end": {
              "line": 146,
              "column": 5
            }
          }
        ],
        "line": 133
      },
      "8": {
        "loc": {
          "start": {
            "line": 150,
            "column": 4
          },
          "end": {
            "line": 176,
            "column": 5
          }
        },
        "type": "if",
        "locations": [
          {
            "start": {
              "line": 150,
              "column": 4
            },
            "end": {
              "line": 176,
              "column": 5
            }
          },
          {
            "start": {
              "line": 150,
              "column": 4
            },
            "end": {
              "line": 176,
              "column": 5
            }
          }
        ],
        "line": 150
      },
      "9": {
        "loc": {
          "start": {
            "line": 184,
            "column": 6
          },
          "end": {
            "line": 186,
            "column": 7
          }
        },
        "type": "if",
        "locations": [
          {
            "start": {
              "line": 184,
              "column": 6
            },
            "end": {
              "line": 186,
              "column": 7
            }
          },
          {
            "start": {
              "line": 184,
              "column": 6
            },
            "end": {
              "line": 186,
              "column": 7
            }
          }
        ],
        "line": 184
      },
      "10": {
        "loc": {
          "start": {
            "line": 188,
            "column": 4
          },
          "end": {
            "line": 199,
            "column": 5
          }
        },
        "type": "if",
        "locations": [
          {
            "start": {
              "line": 188,
              "column": 4
            },
            "end": {
              "line": 199,
              "column": 5
            }
          },
          {
            "start": {
              "line": 188,
              "column": 4
            },
            "end": {
              "line": 199,
              "column": 5
            }
          }
        ],
        "line": 188
      },
      "11": {
        "loc": {
          "start": {
            "line": 188,
            "column": 8
          },
          "end": {
            "line": 188,
            "column": 53
          }
        },
        "type": "binary-expr",
        "locations": [
          {
            "start": {
              "line": 188,
              "column": 8
            },
            "end": {
              "line": 188,
              "column": 37
            }
          },
          {
            "start": {
              "line": 188,
              "column": 41
            },
            "end": {
              "line": 188,
              "column": 53
            }
          }
        ],
        "line": 188
      },
      "12": {
        "loc": {
          "start": {
            "line": 191,
            "column": 11
          },
          "end": {
            "line": 199,
            "column": 5
          }
        },
        "type": "if",
        "locations": [
          {
            "start": {
              "line": 191,
              "column": 11
            },
            "end": {
              "line": 199,
              "column": 5
            }
          },
          {
            "start": {
              "line": 191,
              "column": 11
            },
            "end": {
              "line": 199,
              "column": 5
            }
          }
        ],
        "line": 191
      },
      "13": {
        "loc": {
          "start": {
            "line": 194,
            "column": 11
          },
          "end": {
            "line": 199,
            "column": 5
          }
        },
        "type": "if",
        "locations": [
          {
            "start": {
              "line": 194,
              "column": 11
            },
            "end": {
              "line": 199,
              "column": 5
            }
          },
          {
            "start": {
              "line": 194,
              "column": 11
            },
            "end": {
              "line": 199,
              "column": 5
            }
          }
        ],
        "line": 194
      },
      "14": {
        "loc": {
          "start": {
            "line": 205,
            "column": 9
          },
          "end": {
            "line": 205,
            "column": 62
          }
        },
        "type": "cond-expr",
        "locations": [
          {
            "start": {
              "line": 205,
              "column": 27
            },
            "end": {
              "line": 205,
              "column": 44
            }
          },
          {
            "start": {
              "line": 205,
              "column": 47
            },
            "end": {
              "line": 205,
              "column": 62
            }
          }
        ],
        "line": 205
      },
      "15": {
        "loc": {
          "start": {
            "line": 224,
            "column": 18
          },
          "end": {
            "line": 224,
            "column": 79
          }
        },
        "type": "cond-expr",
        "locations": [
          {
            "start": {
              "line": 224,
              "column": 36
            },
            "end": {
              "line": 224,
              "column": 61
            }
          },
          {
            "start": {
              "line": 224,
              "column": 64
            },
            "end": {
              "line": 224,
              "column": 79
            }
          }
        ],
        "line": 224
      },
      "16": {
        "loc": {
          "start": {
            "line": 235,
            "column": 18
          },
          "end": {
            "line": 235,
            "column": 77
          }
        },
        "type": "cond-expr",
        "locations": [
          {
            "start": {
              "line": 235,
              "column": 36
            },
            "end": {
              "line": 235,
              "column": 63
            }
          },
          {
            "start": {
              "line": 235,
              "column": 66
            },
            "end": {
              "line": 235,
              "column": 77
            }
          }
        ],
        "line": 235
      },
      "17": {
        "loc": {
          "start": {
            "line": 252,
            "column": 15
          },
          "end": {
            "line": 260,
            "column": 22
          }
        },
        "type": "cond-expr",
        "locations": [
          {
            "start": {
              "line": 253,
              "column": 16
            },
            "end": {
              "line": 259,
              "column": 24
            }
          },
          {
            "start": {
              "line": 260,
              "column": 18
            },
            "end": {
              "line": 260,
              "column": 22
            }
          }
        ],
        "line": 252
      },
      "18": {
        "loc": {
          "start": {
            "line": 252,
            "column": 15
          },
          "end": {
            "line": 252,
            "column": 36
          }
        },
        "type": "binary-expr",
        "locations": [
          {
            "start": {
              "line": 252,
              "column": 15
            },
            "end": {
              "line": 252,
              "column": 27
            }
          },
          {
            "start": {
              "line": 252,
              "column": 31
            },
            "end": {
              "line": 252,
              "column": 36
            }
          }
        ],
        "line": 252
      },
      "19": {
        "loc": {
          "start": {
            "line": 256,
            "column": 21
          },
          "end": {
            "line": 256,
            "column": 75
          }
        },
        "type": "cond-expr",
        "locations": [
          {
            "start": {
              "line": 256,
              "column": 57
            },
            "end": {
              "line": 256,
              "column": 65
            }
          },
          {
            "start": {
              "line": 256,
              "column": 68
            },
            "end": {
              "line": 256,
              "column": 75
            }
          }
        ],
        "line": 256
      },
      "20": {
        "loc": {
          "start": {
            "line": 261,
            "column": 15
          },
          "end": {
            "line": 267,
            "column": 22
          }
        },
        "type": "cond-expr",
        "locations": [
          {
            "start": {
              "line": 262,
              "column": 16
            },
            "end": {
              "line": 266,
              "column": 24
            }
          },
          {
            "start": {
              "line": 267,
              "column": 18
            },
            "end": {
              "line": 267,
              "column": 22
            }
          }
        ],
        "line": 261
      },
      "21": {
        "loc": {
          "start": {
            "line": 279,
            "column": 15
          },
          "end": {
            "line": 279,
            "column": 53
          }
        },
        "type": "cond-expr",
        "locations": [
          {
            "start": {
              "line": 279,
              "column": 33
            },
            "end": {
              "line": 279,
              "column": 39
            }
          },
          {
            "start": {
              "line": 279,
              "column": 42
            },
            "end": {
              "line": 279,
              "column": 53
            }
          }
        ],
        "line": 279
      }
    },
    "s": {
      "0": 1,
      "1": 7,
      "2": 7,
      "3": 7,
      "4": 7,
      "5": 7,
      "6": 7,
      "7": 7,
      "8": 7,
      "9": 7,
      "10": 7,
      "11": 7,
      "12": 7,
      "13": 7,
      "14": 7,
      "15": 7,
      "16": 1,
      "17": 1,
      "18": 3,
      "19": 1,
      "20": 1,
      "21": 1,
      "22": 1,
      "23": 7,
      "24": 0,
      "25": 0,
      "26": 0,
      "27": 0,
      "28": 0,
      "29": 0,
      "30": 0,
      "31": 7,
      "32": 3,
      "33": 6,
      "34": 3,
      "35": 3,
      "36": 9,
      "37": 3,
      "38": 6,
      "39": 3,
      "40": 7,
      "41": 0,
      "42": 0,
      "43": 0,
      "44": 0,
      "45": 0,
      "46": 7,
      "47": 0,
      "48": 0,
      "49": 0,
      "50": 7,
      "51": 0,
      "52": 0,
      "53": 0,
      "54": 0,
      "55": 0,
      "56": 0,
      "57": 0,
      "58": 0,
      "59": 7,
      "60": 1,
      "61": 1,
      "62": 3,
      "63": 0,
      "64": 1,
      "65": 1,
      "66": 1,
      "67": 0,
      "68": 0,
      "69": 0,
      "70": 0,
      "71": 0,
      "72": 0,
      "73": 0,
      "74": 7,
      "75": 7,
      "76": 0,
      "77": 0,
      "78": 1
    },
    "f": {
      "0": 7,
      "1": 1,
      "2": 3,
      "3": 0,
      "4": 3,
      "5": 6,
      "6": 9,
      "7": 0,
      "8": 0,
      "9": 0,
      "10": 0,
      "11": 1,
      "12": 3,
      "13": 0,
      "14": 0,
      "15": 1
    },
    "b": {
      "0": [
        7,
        0
      ],
      "1": [
        1,
        0
      ],
      "2": [
        0,
        0
      ],
      "3": [
        0,
        0
      ],
      "4": [
        0,
        0
      ],
      "5": [
        3,
        6
      ],
      "6": [
        0,
        0
      ],
      "7": [
        0,
        0
      ],
      "8": [
        0,
        0
      ],
      "9": [
        0,
        3
      ],
      "10": [
        1,
        0
      ],
      "11": [
        1,
        0
      ],
      "12": [
        0,
        0
      ],
      "13": [
        0,
        0
      ],
      "14": [
        7,
        0
      ],
      "15": [
        7,
        0
      ],
      "16": [
        7,
        0
      ],
      "17": [
        1,
        6
      ],
      "18": [
        7,
        6
      ],
      "19": [
        1,
        0
      ],
      "20": [
        0,
        7
      ],
      "21": [
        7,
        0
      ]
    },
    "_coverageSchema": "1a1c01bbd47fc00a2c39e90264f33305004495a9",
    "hash": "40a7aa2ac093e1090403cabc94124bbcd928a34d"
  },
  "/Users/piperjarrett/mod3/re-sip-e_fe/src/CocktailInfo/CocktailInfo.js": {
    "path": "/Users/piperjarrett/mod3/re-sip-e_fe/src/CocktailInfo/CocktailInfo.js",
    "statementMap": {
      "0": {
        "start": {
          "line": 9,
          "column": 21
        },
        "end": {
          "line": 161,
          "column": 1
        }
      },
      "1": {
        "start": {
          "line": 10,
          "column": 19
        },
        "end": {
          "line": 22,
          "column": 11
        }
      },
      "2": {
        "start": {
          "line": 23,
          "column": 19
        },
        "end": {
          "line": 41,
          "column": 11
        }
      },
      "3": {
        "start": {
          "line": 43,
          "column": 25
        },
        "end": {
          "line": 58,
          "column": 3
        }
      },
      "4": {
        "start": {
          "line": 60,
          "column": 23
        },
        "end": {
          "line": 67,
          "column": 3
        }
      },
      "5": {
        "start": {
          "line": 69,
          "column": 35
        },
        "end": {
          "line": 69,
          "column": 75
        }
      },
      "6": {
        "start": {
          "line": 70,
          "column": 33
        },
        "end": {
          "line": 70,
          "column": 60
        }
      },
      "7": {
        "start": {
          "line": 71,
          "column": 39
        },
        "end": {
          "line": 71,
          "column": 64
        }
      },
      "8": {
        "start": {
          "line": 72,
          "column": 2
        },
        "end": {
          "line": 72,
          "column": 31
        }
      },
      "9": {
        "start": {
          "line": 73,
          "column": 19
        },
        "end": {
          "line": 92,
          "column": 3
        }
      },
      "10": {
        "start": {
          "line": 74,
          "column": 27
        },
        "end": {
          "line": 79,
          "column": 6
        }
      },
      "11": {
        "start": {
          "line": 75,
          "column": 6
        },
        "end": {
          "line": 78,
          "column": 8
        }
      },
      "12": {
        "start": {
          "line": 80,
          "column": 26
        },
        "end": {
          "line": 86,
          "column": 5
        }
      },
      "13": {
        "start": {
          "line": 87,
          "column": 4
        },
        "end": {
          "line": 91,
          "column": 7
        }
      },
      "14": {
        "start": {
          "line": 94,
          "column": 25
        },
        "end": {
          "line": 100,
          "column": 3
        }
      },
      "15": {
        "start": {
          "line": 95,
          "column": 4
        },
        "end": {
          "line": 99,
          "column": 7
        }
      },
      "16": {
        "start": {
          "line": 102,
          "column": 2
        },
        "end": {
          "line": 160,
          "column": 4
        }
      },
      "17": {
        "start": {
          "line": 128,
          "column": 20
        },
        "end": {
          "line": 132,
          "column": 22
        }
      },
      "18": {
        "start": {
          "line": 135,
          "column": 20
        },
        "end": {
          "line": 139,
          "column": 22
        }
      },
      "19": {
        "start": {
          "line": 150,
          "column": 41
        },
        "end": {
          "line": 150,
          "column": 57
        }
      },
      "20": {
        "start": {
          "line": 154,
          "column": 37
        },
        "end": {
          "line": 154,
          "column": 47
        }
      }
    },
    "fnMap": {
      "0": {
        "name": "(anonymous_0)",
        "decl": {
          "start": {
            "line": 9,
            "column": 21
          },
          "end": {
            "line": 9,
            "column": 22
          }
        },
        "loc": {
          "start": {
            "line": 9,
            "column": 51
          },
          "end": {
            "line": 161,
            "column": 1
          }
        },
        "line": 9
      },
      "1": {
        "name": "(anonymous_1)",
        "decl": {
          "start": {
            "line": 73,
            "column": 19
          },
          "end": {
            "line": 73,
            "column": 20
          }
        },
        "loc": {
          "start": {
            "line": 73,
            "column": 25
          },
          "end": {
            "line": 92,
            "column": 3
          }
        },
        "line": 73
      },
      "2": {
        "name": "(anonymous_2)",
        "decl": {
          "start": {
            "line": 74,
            "column": 57
          },
          "end": {
            "line": 74,
            "column": 58
          }
        },
        "loc": {
          "start": {
            "line": 74,
            "column": 73
          },
          "end": {
            "line": 79,
            "column": 5
          }
        },
        "line": 74
      },
      "3": {
        "name": "(anonymous_3)",
        "decl": {
          "start": {
            "line": 94,
            "column": 25
          },
          "end": {
            "line": 94,
            "column": 26
          }
        },
        "loc": {
          "start": {
            "line": 94,
            "column": 31
          },
          "end": {
            "line": 100,
            "column": 3
          }
        },
        "line": 94
      },
      "4": {
        "name": "(anonymous_4)",
        "decl": {
          "start": {
            "line": 127,
            "column": 48
          },
          "end": {
            "line": 127,
            "column": 49
          }
        },
        "loc": {
          "start": {
            "line": 127,
            "column": 64
          },
          "end": {
            "line": 133,
            "column": 19
          }
        },
        "line": 127
      },
      "5": {
        "name": "(anonymous_5)",
        "decl": {
          "start": {
            "line": 134,
            "column": 45
          },
          "end": {
            "line": 134,
            "column": 46
          }
        },
        "loc": {
          "start": {
            "line": 134,
            "column": 61
          },
          "end": {
            "line": 140,
            "column": 19
          }
        },
        "line": 134
      },
      "6": {
        "name": "(anonymous_6)",
        "decl": {
          "start": {
            "line": 150,
            "column": 35
          },
          "end": {
            "line": 150,
            "column": 36
          }
        },
        "loc": {
          "start": {
            "line": 150,
            "column": 41
          },
          "end": {
            "line": 150,
            "column": 57
          }
        },
        "line": 150
      },
      "7": {
        "name": "(anonymous_7)",
        "decl": {
          "start": {
            "line": 154,
            "column": 31
          },
          "end": {
            "line": 154,
            "column": 32
          }
        },
        "loc": {
          "start": {
            "line": 154,
            "column": 37
          },
          "end": {
            "line": 154,
            "column": 47
          }
        },
        "line": 154
      }
    },
    "branchMap": {
      "0": {
        "loc": {
          "start": {
            "line": 69,
            "column": 44
          },
          "end": {
            "line": 69,
            "column": 74
          }
        },
        "type": "cond-expr",
        "locations": [
          {
            "start": {
              "line": 69,
              "column": 55
            },
            "end": {
              "line": 69,
              "column": 63
            }
          },
          {
            "start": {
              "line": 69,
              "column": 66
            },
            "end": {
              "line": 69,
              "column": 74
            }
          }
        ],
        "line": 69
      },
      "1": {
        "loc": {
          "start": {
            "line": 102,
            "column": 9
          },
          "end": {
            "line": 160,
            "column": 3
          }
        },
        "type": "cond-expr",
        "locations": [
          {
            "start": {
              "line": 103,
              "column": 4
            },
            "end": {
              "line": 103,
              "column": 15
            }
          },
          {
            "start": {
              "line": 105,
              "column": 4
            },
            "end": {
              "line": 159,
              "column": 10
            }
          }
        ],
        "line": 102
      },
      "2": {
        "loc": {
          "start": {
            "line": 107,
            "column": 7
          },
          "end": {
            "line": 158,
            "column": 7
          }
        },
        "type": "cond-expr",
        "locations": [
          {
            "start": {
              "line": 108,
              "column": 8
            },
            "end": {
              "line": 110,
              "column": 18
            }
          },
          {
            "start": {
              "line": 112,
              "column": 8
            },
            "end": {
              "line": 157,
              "column": 14
            }
          }
        ],
        "line": 107
      },
      "3": {
        "loc": {
          "start": {
            "line": 113,
            "column": 20
          },
          "end": {
            "line": 113,
            "column": 72
          }
        },
        "type": "cond-expr",
        "locations": [
          {
            "start": {
              "line": 113,
              "column": 32
            },
            "end": {
              "line": 113,
              "column": 52
            }
          },
          {
            "start": {
              "line": 113,
              "column": 55
            },
            "end": {
              "line": 113,
              "column": 72
            }
          }
        ],
        "line": 113
      },
      "4": {
        "loc": {
          "start": {
            "line": 116,
            "column": 15
          },
          "end": {
            "line": 116,
            "column": 63
          }
        },
        "type": "cond-expr",
        "locations": [
          {
            "start": {
              "line": 116,
              "column": 27
            },
            "end": {
              "line": 116,
              "column": 45
            }
          },
          {
            "start": {
              "line": 116,
              "column": 48
            },
            "end": {
              "line": 116,
              "column": 63
            }
          }
        ],
        "line": 116
      },
      "5": {
        "loc": {
          "start": {
            "line": 118,
            "column": 13
          },
          "end": {
            "line": 122,
            "column": 20
          }
        },
        "type": "cond-expr",
        "locations": [
          {
            "start": {
              "line": 119,
              "column": 14
            },
            "end": {
              "line": 119,
              "column": 35
            }
          },
          {
            "start": {
              "line": 120,
              "column": 16
            },
            "end": {
              "line": 122,
              "column": 20
            }
          }
        ],
        "line": 118
      },
      "6": {
        "loc": {
          "start": {
            "line": 118,
            "column": 13
          },
          "end": {
            "line": 118,
            "column": 49
          }
        },
        "type": "binary-expr",
        "locations": [
          {
            "start": {
              "line": 118,
              "column": 13
            },
            "end": {
              "line": 118,
              "column": 30
            }
          },
          {
            "start": {
              "line": 118,
              "column": 34
            },
            "end": {
              "line": 118,
              "column": 49
            }
          }
        ],
        "line": 118
      },
      "7": {
        "loc": {
          "start": {
            "line": 120,
            "column": 16
          },
          "end": {
            "line": 122,
            "column": 20
          }
        },
        "type": "cond-expr",
        "locations": [
          {
            "start": {
              "line": 121,
              "column": 14
            },
            "end": {
              "line": 121,
              "column": 60
            }
          },
          {
            "start": {
              "line": 122,
              "column": 16
            },
            "end": {
              "line": 122,
              "column": 20
            }
          }
        ],
        "line": 120
      },
      "8": {
        "loc": {
          "start": {
            "line": 120,
            "column": 16
          },
          "end": {
            "line": 120,
            "column": 53
          }
        },
        "type": "binary-expr",
        "locations": [
          {
            "start": {
              "line": 120,
              "column": 16
            },
            "end": {
              "line": 120,
              "column": 33
            }
          },
          {
            "start": {
              "line": 120,
              "column": 37
            },
            "end": {
              "line": 120,
              "column": 53
            }
          }
        ],
        "line": 120
      },
      "9": {
        "loc": {
          "start": {
            "line": 123,
            "column": 13
          },
          "end": {
            "line": 123,
            "column": 64
          }
        },
        "type": "cond-expr",
        "locations": [
          {
            "start": {
              "line": 123,
              "column": 34
            },
            "end": {
              "line": 123,
              "column": 57
            }
          },
          {
            "start": {
              "line": 123,
              "column": 60
            },
            "end": {
              "line": 123,
              "column": 64
            }
          }
        ],
        "line": 123
      },
      "10": {
        "loc": {
          "start": {
            "line": 126,
            "column": 15
          },
          "end": {
            "line": 140,
            "column": 20
          }
        },
        "type": "cond-expr",
        "locations": [
          {
            "start": {
              "line": 127,
              "column": 18
            },
            "end": {
              "line": 133,
              "column": 20
            }
          },
          {
            "start": {
              "line": 134,
              "column": 18
            },
            "end": {
              "line": 140,
              "column": 20
            }
          }
        ],
        "line": 126
      },
      "11": {
        "loc": {
          "start": {
            "line": 143,
            "column": 14
          },
          "end": {
            "line": 143,
            "column": 64
          }
        },
        "type": "cond-expr",
        "locations": [
          {
            "start": {
              "line": 143,
              "column": 26
            },
            "end": {
              "line": 143,
              "column": 45
            }
          },
          {
            "start": {
              "line": 143,
              "column": 48
            },
            "end": {
              "line": 143,
              "column": 64
            }
          }
        ],
        "line": 143
      },
      "12": {
        "loc": {
          "start": {
            "line": 146,
            "column": 13
          },
          "end": {
            "line": 155,
            "column": 13
          }
        },
        "type": "cond-expr",
        "locations": [
          {
            "start": {
              "line": 147,
              "column": 14
            },
            "end": {
              "line": 152,
              "column": 20
            }
          },
          {
            "start": {
              "line": 154,
              "column": 14
            },
            "end": {
              "line": 154,
              "column": 72
            }
          }
        ],
        "line": 146
      }
    },
    "s": {
      "0": 1,
      "1": 2,
      "2": 2,
      "3": 2,
      "4": 2,
      "5": 2,
      "6": 2,
      "7": 2,
      "8": 2,
      "9": 2,
      "10": 0,
      "11": 0,
      "12": 0,
      "13": 0,
      "14": 2,
      "15": 0,
      "16": 2,
      "17": 0,
      "18": 3,
      "19": 0,
      "20": 0
    },
    "f": {
      "0": 2,
      "1": 0,
      "2": 0,
      "3": 0,
      "4": 0,
      "5": 3,
      "6": 0,
      "7": 0
    },
    "b": {
      "0": [
        2,
        0
      ],
      "1": [
        1,
        1
      ],
      "2": [
        0,
        1
      ],
      "3": [
        0,
        1
      ],
      "4": [
        0,
        1
      ],
      "5": [
        0,
        1
      ],
      "6": [
        1,
        0
      ],
      "7": [
        0,
        1
      ],
      "8": [
        1,
        0
      ],
      "9": [
        0,
        1
      ],
      "10": [
        0,
        1
      ],
      "11": [
        0,
        1
      ],
      "12": [
        1,
        0
      ]
    },
    "_coverageSchema": "1a1c01bbd47fc00a2c39e90264f33305004495a9",
    "hash": "8de95923e8c57f807345a58376199f5cc785d362"
  },
  "/Users/piperjarrett/mod3/re-sip-e_fe/src/hooks/profileHooks.js": {
    "path": "/Users/piperjarrett/mod3/re-sip-e_fe/src/hooks/profileHooks.js",
    "statementMap": {
      "0": {
        "start": {
          "line": 4,
          "column": 24
        },
        "end": {
          "line": 16,
          "column": 4
        }
      },
      "1": {
        "start": {
          "line": 18,
          "column": 27
        },
        "end": {
          "line": 26,
          "column": 1
        }
      },
      "2": {
        "start": {
          "line": 20,
          "column": 37
        },
        "end": {
          "line": 24,
          "column": 6
        }
      },
      "3": {
        "start": {
          "line": 25,
          "column": 4
        },
        "end": {
          "line": 25,
          "column": 36
        }
      }
    },
    "fnMap": {
      "0": {
        "name": "(anonymous_0)",
        "decl": {
          "start": {
            "line": 18,
            "column": 27
          },
          "end": {
            "line": 18,
            "column": 28
          }
        },
        "loc": {
          "start": {
            "line": 18,
            "column": 35
          },
          "end": {
            "line": 26,
            "column": 1
          }
        },
        "line": 18
      }
    },
    "branchMap": {},
    "s": {
      "0": 1,
      "1": 1,
      "2": 0,
      "3": 0
    },
    "f": {
      "0": 0
    },
    "b": {},
    "_coverageSchema": "1a1c01bbd47fc00a2c39e90264f33305004495a9",
    "hash": "0025486950ca66ca9832b24f46d8e98d6b5fc036"
  },
  "/Users/piperjarrett/mod3/re-sip-e_fe/src/Profile/Profile.js": {
    "path": "/Users/piperjarrett/mod3/re-sip-e_fe/src/Profile/Profile.js",
    "statementMap": {
      "0": {
        "start": {
          "line": 8,
          "column": 13
        },
        "end": {
          "line": 31,
          "column": 1
        }
      },
      "1": {
        "start": {
          "line": 9,
          "column": 37
        },
        "end": {
          "line": 9,
          "column": 52
        }
      },
      "2": {
        "start": {
          "line": 10,
          "column": 4
        },
        "end": {
          "line": 12,
          "column": 5
        }
      },
      "3": {
        "start": {
          "line": 11,
          "column": 8
        },
        "end": {
          "line": 11,
          "column": 45
        }
      },
      "4": {
        "start": {
          "line": 13,
          "column": 4
        },
        "end": {
          "line": 15,
          "column": 5
        }
      },
      "5": {
        "start": {
          "line": 14,
          "column": 8
        },
        "end": {
          "line": 14,
          "column": 39
        }
      },
      "6": {
        "start": {
          "line": 16,
          "column": 4
        },
        "end": {
          "line": 30,
          "column": 5
        }
      }
    },
    "fnMap": {
      "0": {
        "name": "(anonymous_0)",
        "decl": {
          "start": {
            "line": 8,
            "column": 13
          },
          "end": {
            "line": 8,
            "column": 14
          }
        },
        "loc": {
          "start": {
            "line": 8,
            "column": 25
          },
          "end": {
            "line": 31,
            "column": 1
          }
        },
        "line": 8
      }
    },
    "branchMap": {
      "0": {
        "loc": {
          "start": {
            "line": 10,
            "column": 4
          },
          "end": {
            "line": 12,
            "column": 5
          }
        },
        "type": "if",
        "locations": [
          {
            "start": {
              "line": 10,
              "column": 4
            },
            "end": {
              "line": 12,
              "column": 5
            }
          },
          {
            "start": {
              "line": 10,
              "column": 4
            },
            "end": {
              "line": 12,
              "column": 5
            }
          }
        ],
        "line": 10
      },
      "1": {
        "loc": {
          "start": {
            "line": 13,
            "column": 4
          },
          "end": {
            "line": 15,
            "column": 5
          }
        },
        "type": "if",
        "locations": [
          {
            "start": {
              "line": 13,
              "column": 4
            },
            "end": {
              "line": 15,
              "column": 5
            }
          },
          {
            "start": {
              "line": 13,
              "column": 4
            },
            "end": {
              "line": 15,
              "column": 5
            }
          }
        ],
        "line": 13
      }
    },
    "s": {
      "0": 1,
      "1": 0,
      "2": 0,
      "3": 0,
      "4": 0,
      "5": 0,
      "6": 0
    },
    "f": {
      "0": 0
    },
    "b": {
      "0": [
        0,
        0
      ],
      "1": [
        0,
        0
      ]
    },
    "_coverageSchema": "1a1c01bbd47fc00a2c39e90264f33305004495a9",
    "hash": "de4deb01d0ec5698aff269179aff010cbdc5675a"
  },
  "/Users/piperjarrett/mod3/re-sip-e_fe/src/SearchPage/SearchPage.js": {
    "path": "/Users/piperjarrett/mod3/re-sip-e_fe/src/SearchPage/SearchPage.js",
    "statementMap": {
      "0": {
        "start": {
          "line": 8,
          "column": 25
        },
        "end": {
          "line": 20,
          "column": 1
        }
      },
      "1": {
        "start": {
          "line": 22,
          "column": 19
        },
        "end": {
          "line": 86,
          "column": 1
        }
      },
      "2": {
        "start": {
          "line": 23,
          "column": 40
        },
        "end": {
          "line": 23,
          "column": 54
        }
      },
      "3": {
        "start": {
          "line": 24,
          "column": 30
        },
        "end": {
          "line": 24,
          "column": 42
        }
      },
      "4": {
        "start": {
          "line": 25,
          "column": 36
        },
        "end": {
          "line": 27,
          "column": 3
        }
      },
      "5": {
        "start": {
          "line": 28,
          "column": 35
        },
        "end": {
          "line": 32,
          "column": 4
        }
      },
      "6": {
        "start": {
          "line": 33,
          "column": 2
        },
        "end": {
          "line": 33,
          "column": 37
        }
      },
      "7": {
        "start": {
          "line": 36,
          "column": 23
        },
        "end": {
          "line": 39,
          "column": 3
        }
      },
      "8": {
        "start": {
          "line": 37,
          "column": 4
        },
        "end": {
          "line": 37,
          "column": 23
        }
      },
      "9": {
        "start": {
          "line": 38,
          "column": 4
        },
        "end": {
          "line": 38,
          "column": 30
        }
      },
      "10": {
        "start": {
          "line": 41,
          "column": 22
        },
        "end": {
          "line": 49,
          "column": 3
        }
      },
      "11": {
        "start": {
          "line": 42,
          "column": 4
        },
        "end": {
          "line": 48,
          "column": 5
        }
      },
      "12": {
        "start": {
          "line": 43,
          "column": 6
        },
        "end": {
          "line": 43,
          "column": 79
        }
      },
      "13": {
        "start": {
          "line": 45,
          "column": 6
        },
        "end": {
          "line": 47,
          "column": 8
        }
      },
      "14": {
        "start": {
          "line": 51,
          "column": 22
        },
        "end": {
          "line": 55,
          "column": 3
        }
      },
      "15": {
        "start": {
          "line": 52,
          "column": 4
        },
        "end": {
[...]
            "column": 29
          },
          "end": {
            "line": 71,
            "column": 44
          }
        },
        "line": 71
      },
      "5": {
        "name": "(anonymous_5)",
        "decl": {
          "start": {
            "line": 73,
            "column": 27
          },
          "end": {
            "line": 73,
            "column": 28
          }
        },
        "loc": {
          "start": {
            "line": 73,
            "column": 34
          },
          "end": {
            "line": 73,
            "column": 48
          }
        },
        "line": 73
      }
    },
    "branchMap": {
      "0": {
        "loc": {
          "start": {
            "line": 42,
            "column": 4
          },
          "end": {
            "line": 48,
            "column": 5
          }
        },
        "type": "if",
        "locations": [
          {
            "start": {
              "line": 42,
              "column": 4
            },
            "end": {
              "line": 48,
              "column": 5
            }
          },
          {
            "start": {
              "line": 42,
              "column": 4
            },
            "end": {
              "line": 48,
              "column": 5
            }
          }
        ],
        "line": 42
      },
      "1": {
        "loc": {
          "start": {
            "line": 77,
            "column": 9
          },
          "end": {
            "line": 77,
            "column": 47
          }
        },
        "type": "cond-expr",
        "locations": [
          {
            "start": {
              "line": 77,
              "column": 19
            },
            "end": {
              "line": 77,
              "column": 40
            }
          },
          {
            "start": {
              "line": 77,
              "column": 43
            },
            "end": {
              "line": 77,
              "column": 47
            }
          }
        ],
        "line": 77
      },
      "2": {
        "loc": {
          "start": {
            "line": 78,
            "column": 9
          },
          "end": {
            "line": 82,
            "column": 16
          }
        },
        "type": "cond-expr",
        "locations": [
          {
            "start": {
              "line": 79,
              "column": 10
            },
            "end": {
              "line": 81,
              "column": 16
            }
          },
          {
            "start": {
              "line": 82,
              "column": 12
            },
            "end": {
              "line": 82,
              "column": 16
            }
          }
        ],
        "line": 78
      }
    },
    "s": {
      "0": 1,
      "1": 1,
      "2": 0,
      "3": 0,
      "4": 0,
      "5": 0,
      "6": 0,
      "7": 0,
      "8": 0,
      "9": 0,
      "10": 0,
      "11": 0,
      "12": 0,
      "13": 0,
      "14": 0,
      "15": 0,
      "16": 0,
      "17": 0,
      "18": 0,
      "19": 0,
      "20": 0
    },
    "f": {
      "0": 0,
      "1": 0,
      "2": 0,
      "3": 0,
      "4": 0,
      "5": 0
    },
    "b": {
      "0": [
        0,
        0
      ],
      "1": [
        0,
        0
      ],
      "2": [
        0,
        0
      ]
    },
    "_coverageSchema": "1a1c01bbd47fc00a2c39e90264f33305004495a9",
    "hash": "50f8c9557e4c42d5e40981e809d523816fea1770"
  },
  "/Users/piperjarrett/mod3/re-sip-e_fe/src/hooks/useBarData.js": {
    "path": "/Users/piperjarrett/mod3/re-sip-e_fe/src/hooks/useBarData.js",
    "statementMap": {
      "0": {
        "start": {
          "line": 3,
          "column": 21
        },
        "end": {
          "line": 16,
          "column": 1
        }
      },
      "1": {
        "start": {
          "line": 18,
          "column": 26
        },
        "end": {
          "line": 25,
          "column": 1
        }
      },
      "2": {
        "start": {
          "line": 19,
          "column": 35
        },
        "end": {
          "line": 23,
          "column": 4
        }
      },
      "3": {
        "start": {
          "line": 24,
          "column": 2
        },
        "end": {
          "line": 24,
          "column": 34
        }
      }
    },
    "fnMap": {
      "0": {
        "name": "(anonymous_0)",
        "decl": {
          "start": {
            "line": 18,
            "column": 26
          },
          "end": {
            "line": 18,
            "column": 27
          }
        },
        "loc": {
          "start": {
            "line": 18,
            "column": 34
          },
          "end": {
            "line": 25,
            "column": 1
          }
        },
        "line": 18
      }
    },
    "branchMap": {},
    "s": {
      "0": 1,
      "1": 1,
      "2": 0,
      "3": 0
    },
    "f": {
      "0": 0
    },
    "b": {},
    "_coverageSchema": "1a1c01bbd47fc00a2c39e90264f33305004495a9",
    "hash": "6a17d4238dd3309b00ed17962f8b542bc1b057cc"
  },
  "/Users/piperjarrett/mod3/re-sip-e_fe/src/BarPage/BarPage.js": {
    "path": "/Users/piperjarrett/mod3/re-sip-e_fe/src/BarPage/BarPage.js",
    "statementMap": {
      "0": {
        "start": {
          "line": 10,
          "column": 16
        },
        "end": {
          "line": 39,
          "column": 1
        }
      },
      "1": {
        "start": {
          "line": 11,
          "column": 35
        },
        "end": {
          "line": 11,
          "column": 49
        }
      },
      "2": {
        "start": {
          "line": 12,
          "column": 34
        },
        "end": {
          "line": 12,
          "column": 48
        }
      },
      "3": {
        "start": {
          "line": 13,
          "column": 2
        },
        "end": {
          "line": 15,
          "column": 3
        }
      },
      "4": {
        "start": {
          "line": 14,
          "column": 4
        },
        "end": {
          "line": 14,
          "column": 33
        }
      },
      "5": {
        "start": {
          "line": 17,
          "column": 2
        },
        "end": {
          "line": 17,
          "column": 21
        }
      },
      "6": {
        "start": {
          "line": 18,
          "column": 2
        },
        "end": {
          "line": 38,
          "column": 4
        }
      }
    },
    "fnMap": {
      "0": {
        "name": "(anonymous_0)",
        "decl": {
          "start": {
            "line": 10,
            "column": 16
          },
          "end": {
            "line": 10,
            "column": 17
          }
        },
        "loc": {
          "start": {
            "line": 10,
            "column": 28
          },
          "end": {
            "line": 39,
            "column": 1
          }
        },
        "line": 10
      }
    },
    "branchMap": {
      "0": {
        "loc": {
          "start": {
            "line": 13,
            "column": 2
          },
          "end": {
            "line": 15,
            "column": 3
          }
        },
        "type": "if",
        "locations": [
          {
            "start": {
              "line": 13,
              "column": 2
            },
            "end": {
              "line": 15,
              "column": 3
            }
          },
          {
            "start": {
              "line": 13,
              "column": 2
            },
            "end": {
              "line": 15,
              "column": 3
            }
          }
        ],
        "line": 13
      },
      "1": {
        "loc": {
          "start": {
            "line": 21,
            "column": 7
          },
          "end": {
            "line": 36,
            "column": 7
          }
        },
        "type": "cond-expr",
        "locations": [
          {
            "start": {
              "line": 22,
              "column": 8
            },
            "end": {
              "line": 22,
              "column": 53
            }
          },
          {
            "start": {
              "line": 24,
              "column": 8
            },
            "end": {
              "line": 35,
              "column": 14
            }
          }
        ],
        "line": 21
      }
    },
    "s": {
      "0": 1,
      "1": 0,
      "2": 0,
      "3": 0,
      "4": 0,
      "5": 0,
      "6": 0
    },
    "f": {
      "0": 0
    },
    "b": {
      "0": [
        0,
        0
      ],
      "1": [
        0,
        0
      ]
    },
    "_coverageSchema": "1a1c01bbd47fc00a2c39e90264f33305004495a9",
    "hash": "4da515d643d1bfe351aa7d5084914b30227ca62f"
  },
  "/Users/piperjarrett/mod3/re-sip-e_fe/src/App/App.js": {
    "path": "/Users/piperjarrett/mod3/re-sip-e_fe/src/App/App.js",
    "statementMap": {
      "0": {
        "start": {
          "line": 13,
          "column": 12
        },
        "end": {
          "line": 106,
          "column": 1
        }
      },
      "1": {
        "start": {
          "line": 14,
          "column": 34
        },
        "end": {
          "line": 14,
          "column": 49
        }
      },
      "2": {
        "start": {
          "line": 15,
          "column": 28
        },
        "end": {
          "line": 15,
          "column": 42
        }
      },
      "3": {
        "start": {
          "line": 17,
          "column": 25
        },
        "end": {
          "line": 25,
          "column": 3
        }
      },
      "4": {
        "start": {
          "line": 26,
          "column": 35
        },
        "end": {
          "line": 26,
          "column": 59
        }
      },
      "5": {
        "start": {
          "line": 28,
          "column": 2
        },
        "end": {
          "line": 105,
          "column": 4
        }
      },
      "6": {
        "start": {
          "line": 45,
          "column": 12
        },
        "end": {
          "line": 45,
          "column": 62
        }
      },
      "7": {
        "start": {
          "line": 52,
          "column": 12
        },
        "end": {
          "line": 82,
          "column": 18
        }
      },
      "8": {
        "start": {
          "line": 89,
          "column": 12
        },
        "end": {
          "line": 91,
          "column": 18
        }
      },
      "9": {
        "start": {
          "line": 98,
          "column": 12
        },
        "end": {
          "line": 100,
          "column": 18
        }
      }
    },
    "fnMap": {
      "0": {
        "name": "(anonymous_0)",
        "decl": {
          "start": {
            "line": 13,
            "column": 12
          },
          "end": {
            "line": 13,
            "column": 13
          }
        },
        "loc": {
          "start": {
            "line": 13,
            "column": 18
          },
          "end": {
            "line": 106,
            "column": 1
          }
        },
        "line": 13
      },
      "1": {
        "name": "(anonymous_1)",
        "decl": {
          "start": {
            "line": 44,
            "column": 18
          },
          "end": {
            "line": 44,
            "column": 19
          }
        },
        "loc": {
          "start": {
            "line": 44,
            "column": 33
          },
          "end": {
            "line": 46,
            "column": 11
          }
        },
        "line": 44
      },
      "2": {
        "name": "(anonymous_2)",
        "decl": {
          "start": {
            "line": 51,
            "column": 18
          },
          "end": {
            "line": 51,
            "column": 19
          }
        },
        "loc": {
          "start": {
            "line": 52,
            "column": 12
          },
          "end": {
            "line": 82,
            "column": 18
          }
        },
        "line": 52
      },
      "3": {
        "name": "(anonymous_3)",
        "decl": {
          "start": {
            "line": 88,
            "column": 18
          },
          "end": {
            "line": 88,
            "column": 19
          }
        },
        "loc": {
          "start": {
            "line": 89,
            "column": 12
          },
          "end": {
            "line": 91,
            "column": 18
          }
        },
        "line": 89
      },
      "4": {
        "name": "(anonymous_4)",
        "decl": {
          "start": {
            "line": 97,
            "column": 18
          },
          "end": {
            "line": 97,
            "column": 19
          }
        },
        "loc": {
          "start": {
            "line": 98,
            "column": 12
          },
          "end": {
            "line": 100,
            "column": 18
          }
        },
        "line": 98
      }
    },
    "branchMap": {
      "0": {
        "loc": {
          "start": {
            "line": 28,
            "column": 9
          },
          "end": {
            "line": 105,
            "column": 3
          }
        },
        "type": "cond-expr",
        "locations": [
          {
            "start": {
              "line": 29,
              "column": 4
            },
            "end": {
              "line": 29,
              "column": 37
            }
          },
          {
            "start": {
              "line": 31,
              "column": 4
            },
            "end": {
              "line": 104,
              "column": 11
            }
          }
        ],
        "line": 28
      },
      "1": {
        "loc": {
          "start": {
            "line": 71,
            "column": 17
          },
          "end": {
            "line": 80,
            "column": 17
          }
        },
        "type": "cond-expr",
        "locations": [
          {
            "start": {
              "line": 72,
              "column": 18
            },
            "end": {
              "line": 74,
              "column": 28
            }
          },
          {
            "start": {
              "line": 76,
              "column": 18
            },
            "end": {
              "line": 79,
              "column": 20
            }
          }
        ],
        "line": 71
      }
    },
    "s": {
      "0": 1,
      "1": 2,
      "2": 2,
      "3": 2,
      "4": 2,
      "5": 2,
      "6": 0,
      "7": 0,
      "8": 0,
      "9": 1
    },
    "f": {
      "0": 2,
      "1": 0,
      "2": 0,
      "3": 0,
      "4": 1
    },
    "b": {
      "0": [
        1,
        1
      ],
      "1": [
        0,
        0
      ]
    },
    "_coverageSchema": "1a1c01bbd47fc00a2c39e90264f33305004495a9",
    "hash": "aad321880a4d9b37bad41935d8d5638fc1dd2e26"
  },
  "/Users/piperjarrett/mod3/re-sip-e_fe/src/reportWebVitals.js": {
    "path": "/Users/piperjarrett/mod3/re-sip-e_fe/src/reportWebVitals.js",
    "statementMap": {
      "0": {
        "start": {
          "line": 1,
          "column": 24
        },
        "end": {
          "line": 11,
          "column": 1
        }
      },
      "1": {
        "start": {
          "line": 2,
          "column": 2
        },
        "end": {
          "line": 10,
          "column": 3
        }
      },
      "2": {
        "start": {
          "line": 3,
          "column": 4
        },
        "end": {
          "line": 9,
          "column": 7
        }
      },
      "3": {
        "start": {
          "line": 4,
          "column": 6
        },
        "end": {
          "line": 4,
          "column": 26
        }
      },
      "4": {
        "start": {
          "line": 5,
          "column": 6
        },
        "end": {
          "line": 5,
          "column": 26
        }
      },
      "5": {
        "start": {
          "line": 6,
          "column": 6
        },
        "end": {
          "line": 6,
          "column": 26
        }
      },
      "6": {
        "start": {
          "line": 7,
          "column": 6
        },
        "end": {
          "line": 7,
          "column": 26
        }
      },
      "7": {
        "start": {
          "line": 8,
          "column": 6
        },
        "end": {
          "line": 8,
          "column": 27
        }
      }
    },
    "fnMap": {
      "0": {
        "name": "(anonymous_0)",
        "decl": {
          "start": {
            "line": 1,
            "column": 24
          },
          "end": {
            "line": 1,
            "column": 25
          }
        },
        "loc": {
          "start": {
            "line": 1,
            "column": 39
          },
          "end": {
            "line": 11,
            "column": 1
          }
        },
        "line": 1
      },
      "1": {
        "name": "(anonymous_1)",
        "decl": {
          "start": {
            "line": 3,
            "column": 30
          },
          "end": {
            "line": 3,
            "column": 31
          }
        },
        "loc": {
          "start": {
            "line": 3,
            "column": 79
          },
          "end": {
            "line": 9,
            "column": 5
          }
        },
        "line": 3
      }
    },
    "branchMap": {
      "0": {
        "loc": {
          "start": {
            "line": 2,
            "column": 2
          },
          "end": {
            "line": 10,
            "column": 3
          }
        },
        "type": "if",
        "locations": [
          {
            "start": {
              "line": 2,
              "column": 2
            },
            "end": {
              "line": 10,
              "column": 3
            }
          },
          {
            "start": {
              "line": 2,
              "column": 2
            },
            "end": {
              "line": 10,
              "column": 3
            }
          }
        ],
        "line": 2
      },
      "1": {
        "loc": {
          "start": {
            "line": 2,
            "column": 6
          },
          "end": {
            "line": 2,
            "column": 52
          }
        },
        "type": "binary-expr",
        "locations": [
          {
            "start": {
              "line": 2,
              "column": 6
            },
            "end": {
              "line": 2,
              "column": 17
            }
          },
          {
            "start": {
              "line": 2,
              "column": 21
            },
            "end": {
              "line": 2,
              "column": 52
            }
          }
        ],
        "line": 2
      }
    },
    "s": {
      "0": 1,
      "1": 1,
      "2": 0,
      "3": 0,
      "4": 0,
      "5": 0,
      "6": 0,
      "7": 0
    },
    "f": {
      "0": 1,
      "1": 0
    },
    "b": {
      "0": [
        0,
        1
      ],
      "1": [
        1,
        0
      ]
    },
    "_coverageSchema": "1a1c01bbd47fc00a2c39e90264f33305004495a9",
    "hash": "ce1c541881639a96153fdae1f6788a82ee2a2a4b"
  },
  "/Users/piperjarrett/mod3/re-sip-e_fe/src/index.js": {
    "path": "/Users/piperjarrett/mod3/re-sip-e_fe/src/index.js",
    "statementMap": {
      "0": {
        "start": {
          "line": 10,
          "column": 15
        },
        "end": {
          "line": 13,
          "column": 2
        }
      },
      "1": {
        "start": {
          "line": 15,
          "column": 13
        },
        "end": {
          "line": 15,
          "column": 65
        }
      },
      "2": {
        "start": {
          "line": 16,
          "column": 0
        },
        "end": {
          "line": 24,
          "column": 2
        }
      },
      "3": {
        "start": {
          "line": 29,
          "column": 0
        },
        "end": {
          "line": 29,
          "column": 18
        }
      }
    },
    "fnMap": {},
    "branchMap": {},
    "s": {
      "0": 1,
      "1": 1,
      "2": 1,
      "3": 1
    },
    "f": {},
    "b": {},
    "_coverageSchema": "1a1c01bbd47fc00a2c39e90264f33305004495a9",
    "hash": "fd86d3a46a7b4e259a40d436fbe7af74fa743964"
  }
}