{
  "/Users/piperjarrett/mod3/re-sip-e_fe/src/components/Cocktail/Cocktail.js": {
    "path": "/Users/piperjarrett/mod3/re-sip-e_fe/src/components/Cocktail/Cocktail.js",
    "statementMap": {
      "0": {
        "start": {
          "line": 5,
          "column": 17
        },
        "end": {
          "line": 29,
          "column": 1
        }
      },
      "1": {
        "start": {
          "line": 6,
          "column": 26
        },
        "end": {
          "line": 6,
          "column": 38
        }
      },
      "2": {
        "start": {
          "line": 7,
          "column": 2
        },
        "end": {
          "line": 13,
          "column": 5
        }
      },
      "3": {
        "start": {
          "line": 8,
          "column": 4
        },
        "end": {
          "line": 12,
          "column": 5
        }
      },
      "4": {
        "start": {
          "line": 9,
          "column": 6
        },
        "end": {
          "line": 9,
          "column": 39
        }
      },
      "5": {
        "start": {
          "line": 11,
          "column": 6
        },
        "end": {
          "line": 11,
          "column": 33
        }
      },
      "6": {
        "start": {
          "line": 14,
          "column": 2
        },
        "end": {
          "line": 28,
          "column": 4
        }
      }
    },
    "fnMap": {
      "0": {
        "name": "(anonymous_0)",
        "decl": {
          "start": {
            "line": 5,
            "column": 17
          },
          "end": {
            "line": 5,
            "column": 18
          }
        },
        "loc": {
          "start": {
            "line": 5,
            "column": 45
          },
          "end": {
            "line": 29,
            "column": 1
          }
        },
        "line": 5
      },
      "1": {
        "name": "(anonymous_1)",
        "decl": {
          "start": {
            "line": 7,
            "column": 12
          },
          "end": {
            "line": 7,
            "column": 13
          }
        },
        "loc": {
          "start": {
            "line": 7,
            "column": 18
          },
          "end": {
            "line": 13,
            "column": 3
          }
        },
        "line": 7
      }
    },
    "branchMap": {
      "0": {
        "loc": {
          "start": {
            "line": 8,
            "column": 4
          },
          "end": {
            "line": 12,
            "column": 5
          }
        },
        "type": "if",
        "locations": [
          {
            "start": {
              "line": 8,
              "column": 4
            },
            "end": {
              "line": 12,
              "column": 5
            }
          },
          {
            "start": {
              "line": 8,
              "column": 4
            },
            "end": {
              "line": 12,
              "column": 5
            }
          }
        ],
        "line": 8
      }
    },
    "s": {
      "0": 6,
      "1": 0,
      "2": 0,
      "3": 0,
      "4": 0,
      "5": 0,
      "6": 0
    },
    "f": {
      "0": 0,
      "1": 0
    },
    "b": {
      "0": [
        0,
        0
      ]
    },
    "_coverageSchema": "1a1c01bbd47fc00a2c39e90264f33305004495a9",
    "hash": "c256badc8e736d75541bd858767eacf6743a5bb0"
  },
  "/Users/piperjarrett/mod3/re-sip-e_fe/src/components/CocktailContainer/CocktailContainer.js": {
    "path": "/Users/piperjarrett/mod3/re-sip-e_fe/src/components/CocktailContainer/CocktailContainer.js",
    "statementMap": {
      "0": {
        "start": {
          "line": 3,
          "column": 26
        },
        "end": {
          "line": 13,
          "column": 1
        }
      },
      "1": {
        "start": {
          "line": 4,
          "column": 2
        },
        "end": {
          "line": 4,
          "column": 25
        }
      },
      "2": {
        "start": {
          "line": 5,
          "column": 23
        },
        "end": {
          "line": 11,
          "column": 4
        }
      },
      "3": {
        "start": {
          "line": 6,
          "column": 4
        },
        "end": {
          "line": 10,
          "column": 6
        }
      },
      "4": {
        "start": {
          "line": 12,
          "column": 2
        },
        "end": {
          "line": 12,
          "column": 57
        }
      }
    },
    "fnMap": {
      "0": {
        "name": "(anonymous_0)",
        "decl": {
          "start": {
            "line": 3,
            "column": 26
          },
          "end": {
            "line": 3,
            "column": 27
          }
        },
        "loc": {
          "start": {
            "line": 3,
            "column": 55
          },
          "end": {
            "line": 13,
            "column": 1
          }
        },
        "line": 3
      },
      "1": {
        "name": "(anonymous_1)",
        "decl": {
          "start": {
            "line": 5,
            "column": 37
          },
          "end": {
            "line": 5,
            "column": 38
          }
        },
        "loc": {
          "start": {
            "line": 5,
            "column": 51
          },
          "end": {
            "line": 11,
            "column": 3
          }
        },
        "line": 5
      }
    },
    "branchMap": {},
    "s": {
      "0": 6,
      "1": 0,
      "2": 0,
      "3": 0,
      "4": 0
    },
    "f": {
      "0": 0,
      "1": 0
    },
    "b": {},
    "_coverageSchema": "1a1c01bbd47fc00a2c39e90264f33305004495a9",
    "hash": "54ff6963f7bb2d876f02eb5ac8773fdc3cfaa4df"
  },
  "/Users/piperjarrett/mod3/re-sip-e_fe/src/components/NavBar/NavBar.js": {
    "path": "/Users/piperjarrett/mod3/re-sip-e_fe/src/components/NavBar/NavBar.js",
    "statementMap": {
      "0": {
        "start": {
          "line": 10,
          "column": 15
        },
        "end": {
          "line": 49,
          "column": 1
        }
      },
      "1": {
        "start": {
          "line": 11,
          "column": 2
        },
        "end": {
          "line": 48,
          "column": 4
        }
      }
    },
    "fnMap": {
      "0": {
        "name": "(anonymous_0)",
        "decl": {
          "start": {
            "line": 10,
            "column": 15
          },
          "end": {
            "line": 10,
            "column": 16
          }
        },
        "loc": {
          "start": {
            "line": 10,
            "column": 21
          },
          "end": {
            "line": 49,
            "column": 1
          }
        },
        "line": 10
      }
    },
    "branchMap": {},
    "s": {
      "0": 6,
      "1": 3
    },
    "f": {
      "0": 3
    },
    "b": {},
    "_coverageSchema": "1a1c01bbd47fc00a2c39e90264f33305004495a9",
    "hash": "cd7b4f352c76aec58438243a303acdbd21af47f8"
  },
  "/Users/piperjarrett/mod3/re-sip-e_fe/src/components/IngredientsCard/IngredientsCard.js": {
    "path": "/Users/piperjarrett/mod3/re-sip-e_fe/src/components/IngredientsCard/IngredientsCard.js",
    "statementMap": {
      "0": {
        "start": {
          "line": 5,
          "column": 23
        },
        "end": {
          "line": 17,
          "column": 1
        }
      },
      "1": {
        "start": {
          "line": 6,
          "column": 2
        },
        "end": {
          "line": 16,
          "column": 11
        }
      },
      "2": {
        "start": {
          "line": 11,
          "column": 31
        },
        "end": {
          "line": 11,
          "column": 67
        }
      },
      "3": {
        "start": {
          "line": 14,
          "column": 32
        },
        "end": {
          "line": 14,
          "column": 63
        }
      }
    },
    "fnMap": {
      "0": {
        "name": "(anonymous_0)",
        "decl": {
          "start": {
            "line": 5,
            "column": 23
          },
          "end": {
            "line": 5,
            "column": 24
          }
        },
        "loc": {
          "start": {
            "line": 5,
            "column": 77
          },
          "end": {
            "line": 17,
            "column": 1
          }
        },
        "line": 5
      },
      "1": {
        "name": "(anonymous_1)",
        "decl": {
          "start": {
            "line": 11,
            "column": 20
          },
          "end": {
            "line": 11,
            "column": 21
          }
        },
        "loc": {
          "start": {
            "line": 11,
            "column": 31
          },
          "end": {
            "line": 11,
            "column": 67
          }
        },
        "line": 11
      },
      "2": {
        "name": "(anonymous_2)",
        "decl": {
          "start": {
            "line": 14,
            "column": 26
          },
          "end": {
            "line": 14,
            "column": 27
          }
        },
        "loc": {
          "start": {
            "line": 14,
            "column": 32
          },
          "end": {
            "line": 14,
            "column": 63
          }
        },
        "line": 14
      }
    },
    "branchMap": {
      "0": {
        "loc": {
          "start": {
            "line": 6,
            "column": 9
          },
          "end": {
            "line": 16,
            "column": 10
          }
        },
        "type": "cond-expr",
        "locations": [
          {
            "start": {
              "line": 7,
              "column": 4
            },
            "end": {
              "line": 15,
              "column": 10
            }
          },
          {
            "start": {
              "line": 16,
              "column": 6
            },
            "end": {
              "line": 16,
              "column": 10
            }
          }
        ],
        "line": 6
      }
    },
    "s": {
      "0": 6,
      "1": 0,
      "2": 0,
      "3": 0
    },
    "f": {
      "0": 0,
      "1": 0,
      "2": 0
    },
    "b": {
      "0": [
        0,
        0
      ]
    },
    "_coverageSchema": "1a1c01bbd47fc00a2c39e90264f33305004495a9",
    "hash": "ea21babb393cceab2ccdb8ef1f710d2e265687fb"
  },
  "/Users/piperjarrett/mod3/re-sip-e_fe/src/components/Ingredients/Ingredients.js": {
    "path": "/Users/piperjarrett/mod3/re-sip-e_fe/src/components/Ingredients/Ingredients.js",
    "statementMap": {
      "0": {
        "start": {
          "line": 6,
          "column": 20
        },
        "end": {
          "line": 43,
          "column": 1
        }
      },
      "1": {
        "start": {
          "line": 14,
          "column": 25
        },
        "end": {
          "line": 24,
          "column": 4
        }
      },
      "2": {
        "start": {
          "line": 15,
          "column": 4
        },
        "end": {
          "line": 23,
          "column": 6
        }
      },
      "3": {
        "start": {
          "line": 25,
          "column": 2
        },
        "end": {
          "line": 42,
          "column": 4
        }
      },
      "4": {
        "start": {
          "line": 34,
          "column": 33
        },
        "end": {
          "line": 34,
          "column": 52
        }
      },
      "5": {
        "start": {
          "line": 38,
          "column": 34
        },
        "end": {
          "line": 38,
          "column": 49
        }
      }
    },
    "fnMap": {
      "0": {
        "name": "(anonymous_0)",
        "decl": {
          "start": {
            "line": 6,
            "column": 20
          },
          "end": {
            "line": 6,
            "column": 21
          }
        },
        "loc": {
          "start": {
            "line": 13,
            "column": 6
          },
          "end": {
            "line": 43,
            "column": 1
          }
        },
        "line": 13
      },
      "1": {
        "name": "(anonymous_1)",
        "decl": {
          "start": {
            "line": 14,
            "column": 41
          },
          "end": {
            "line": 14,
            "column": 42
          }
        },
        "loc": {
          "start": {
            "line": 14,
            "column": 57
          },
          "end": {
            "line": 24,
            "column": 3
          }
        },
        "line": 14
      },
      "2": {
        "name": "(anonymous_2)",
        "decl": {
          "start": {
            "line": 34,
            "column": 22
          },
          "end": {
            "line": 34,
            "column": 23
          }
        },
        "loc": {
          "start": {
            "line": 34,
            "column": 33
          },
          "end": {
            "line": 34,
            "column": 52
          }
        },
        "line": 34
      },
      "3": {
        "name": "(anonymous_3)",
        "decl": {
          "start": {
            "line": 38,
            "column": 28
          },
          "end": {
            "line": 38,
            "column": 29
          }
        },
        "loc": {
          "start": {
            "line": 38,
            "column": 34
          },
          "end": {
            "line": 38,
            "column": 49
          }
        },
        "line": 38
      }
    },
    "branchMap": {},
    "s": {
      "0": 6,
      "1": 0,
      "2": 0,
      "3": 0,
      "4": 0,
      "5": 0
    },
    "f": {
      "0": 0,
      "1": 0,
      "2": 0,
      "3": 0
    },
    "b": {},
    "_coverageSchema": "1a1c01bbd47fc00a2c39e90264f33305004495a9",
    "hash": "2807bd5bb497efb06463ee652d35adfe74d6aada"
  },
  "/Users/piperjarrett/mod3/re-sip-e_fe/src/components/Steps/Steps.js": {
    "path": "/Users/piperjarrett/mod3/re-sip-e_fe/src/components/Steps/Steps.js",
    "statementMap": {
      "0": {
        "start": {
          "line": 4,
          "column": 14
        },
        "end": {
          "line": 21,
          "column": 1
        }
      },
      "1": {
        "start": {
          "line": 5,
          "column": 2
        },
        "end": {
          "line": 20,
          "column": 4
        }
      },
      "2": {
        "start": {
          "line": 14,
          "column": 33
        },
        "end": {
          "line": 14,
          "column": 52
        }
      }
    },
    "fnMap": {
      "0": {
        "name": "(anonymous_0)",
        "decl": {
          "start": {
            "line": 4,
            "column": 14
          },
          "end": {
            "line": 4,
            "column": 15
          }
        },
        "loc": {
          "start": {
            "line": 4,
            "column": 43
          },
          "end": {
            "line": 21,
            "column": 1
          }
        },
        "line": 4
      },
      "1": {
        "name": "(anonymous_1)",
        "decl": {
          "start": {
            "line": 14,
            "column": 22
          },
          "end": {
            "line": 14,
            "column": 23
          }
        },
        "loc": {
          "start": {
            "line": 14,
            "column": 33
          },
          "end": {
            "line": 14,
            "column": 52
          }
        },
        "line": 14
      }
    },
    "branchMap": {},
    "s": {
      "0": 6,
      "1": 0,
      "2": 0
    },
    "f": {
      "0": 0,
      "1": 0
    },
    "b": {},
    "_coverageSchema": "1a1c01bbd47fc00a2c39e90264f33305004495a9",
    "hash": "4ebb69613041cf3c21400078fb70e011faa1211f"
  },
  "/Users/piperjarrett/mod3/re-sip-e_fe/src/components/EditCocktail/EditCocktail.js": {
    "path": "/Users/piperjarrett/mod3/re-sip-e_fe/src/components/EditCocktail/EditCocktail.js",
    "statementMap": {
      "0": {
        "start": {
          "line": 25,
          "column": 21
        },
        "end": {
          "line": 295,
          "column": 1
        }
      },
      "1": {
        "start": {
          "line": 26,
          "column": 38
        },
        "end": {
          "line": 26,
          "column": 53
        }
      },
      "2": {
        "start": {
          "line": 27,
          "column": 21
        },
        "end": {
          "line": 27,
          "column": 39
        }
      },
      "3": {
        "start": {
          "line": 28,
          "column": 19
        },
        "end": {
          "line": 28,
          "column": 37
        }
      },
      "4": {
        "start": {
          "line": 29,
          "column": 40
        },
        "end": {
          "line": 29,
          "column": 52
        }
      },
      "5": {
        "start": {
          "line": 30,
          "column": 42
        },
        "end": {
          "line": 30,
          "column": 54
        }
      },
      "6": {
        "start": {
          "line": 31,
          "column": 44
        },
        "end": {
          "line": 31,
          "column": 56
        }
      },
      "7": {
        "start": {
          "line": 32,
          "column": 53
        },
        "end": {
          "line": 32,
          "column": 65
        }
      },
      "8": {
        "start": {
          "line": 33,
          "column": 28
        },
        "end": {
          "line": 33,
          "column": 40
        }
      },
      "9": {
        "start": {
          "line": 34,
          "column": 36
        },
        "end": {
          "line": 34,
          "column": 48
        }
      },
      "10": {
        "start": {
          "line": 35,
          "column": 32
        },
        "end": {
          "line": 35,
          "column": 44
        }
      },
      "11": {
        "start": {
          "line": 36,
          "column": 35
        },
        "end": {
          "line": 36,
          "column": 50
        }
      },
      "12": {
        "start": {
          "line": 38,
          "column": 28
        },
        "end": {
          "line": 53,
          "column": 3
        }
      },
      "13": {
        "start": {
          "line": 54,
          "column": 25
        },
        "end": {
          "line": 69,
          "column": 3
        }
      },
      "14": {
        "start": {
          "line": 71,
          "column": 50
        },
        "end": {
          "line": 73,
          "column": 3
        }
      },
      "15": {
        "start": {
          "line": 75,
          "column": 2
        },
        "end": {
          "line": 88,
          "column": 9
        }
      },
      "16": {
        "start": {
          "line": 76,
          "column": 4
        },
        "end": {
          "line": 87,
          "column": 5
        }
      },
      "17": {
        "start": {
          "line": 77,
          "column": 29
        },
        "end": {
          "line": 82,
          "column": 8
        }
      },
      "18": {
        "start": {
          "line": 78,
          "column": 8
        },
        "end": {
          "line": 81,
          "column": 10
        }
      },
      "19": {
        "start": {
          "line": 83,
          "column": 6
        },
        "end": {
          "line": 83,
          "column": 44
        }
      },
      "20": {
        "start": {
          "line": 84,
          "column": 6
        },
        "end": {
          "line": 84,
          "column": 44
        }
      },
      "21": {
        "start": {
          "line": 85,
          "column": 6
        },
        "end": {
          "line": 85,
          "column": 38
        }
      },
      "22": {
        "start": {
          "line": 86,
          "column": 6
        },
        "end": {
          "line": 86,
          "column": 43
        }
      },
      "23": {
        "start": {
          "line": 90,
          "column": 23
        },
        "end": {
          "line": 100,
          "column": 3
        }
      },
      "24": {
        "start": {
          "line": 91,
          "column": 4
        },
        "end": {
          "line": 99,
          "column": 5
        }
      },
      "25": {
        "start": {
          "line": 92,
          "column": 6
        },
        "end": {
          "line": 92,
          "column": 42
        }
      },
      "26": {
        "start": {
          "line": 93,
          "column": 11
        },
        "end": {
          "line": 99,
          "column": 5
        }
      },
      "27": {
        "start": {
          "line": 94,
          "column": 6
        },
        "end": {
          "line": 94,
          "column": 43
        }
      },
      "28": {
        "start": {
          "line": 95,
          "column": 11
        },
        "end": {
          "line": 99,
          "column": 5
        }
      },
      "29": {
        "start": {
          "line": 96,
          "column": 6
        },
        "end": {
          "line": 96,
          "column": 39
        }
      },
      "30": {
        "start": {
          "line": 98,
          "column": 6
        },
        "end": {
          "line": 98,
          "column": 35
        }
      },
      "31": {
        "start": {
          "line": 102,
          "column": 27
        },
        "end": {
          "line": 119,
          "column": 3
        }
      },
      "32": {
        "start": {
          "line": 103,
          "column": 28
        },
        "end": {
          "line": 105,
          "column": 5
        }
      },
      "33": {
        "start": {
          "line": 104,
          "column": 22
        },
        "end": {
          "line": 104,
          "column": 42
        }
      },
      "34": {
        "start": {
          "line": 107,
          "column": 6
        },
        "end": {
          "line": 107,
          "column": 67
        }
      },
      "35": {
        "start": {
          "line": 108,
          "column": 23
        },
        "end": {
          "line": 117,
          "column": 6
        }
      },
      "36": {
        "start": {
          "line": 109,
          "column": 6
        },
        "end": {
          "line": 116,
          "column": 7
        }
      },
      "37": {
        "start": {
          "line": 110,
          "column": 8
        },
        "end": {
          "line": 113,
          "column": 10
        }
      },
      "38": {
        "start": {
          "line": 115,
          "column": 8
        },
        "end": {
          "line": 115,
          "column": 26
        }
      },
      "39": {
        "start": {
          "line": 118,
          "column": 4
        },
        "end": {
          "line": 118,
          "column": 38
        }
      },
      "40": {
        "start": {
          "line": 121,
          "column": 25
        },
        "end": {
          "line": 130,
          "column": 3
        }
      },
      "41": {
        "start": {
          "line": 122,
          "column": 22
        },
        "end": {
          "line": 128,
          "column": 6
        }
      },
      "42": {
        "start": {
          "line": 123,
          "column": 6
        },
        "end": {
          "line": 127,
          "column": 7
        }
      },
      "43": {
        "start": {
          "line": 124,
          "column": 8
        },
        "end": {
          "line": 124,
          "column": 66
        }
      },
      "44": {
        "start": {
          "line": 126,
          "column": 8
        },
        "end": {
          "line": 126,
          "column": 26
        }
      },
      "45": {
        "start": {
          "line": 129,
          "column": 4
        },
        "end": {
          "line": 129,
          "column": 37
        }
      },
      "46": {
        "start": {
          "line": 132,
          "column": 24
        },
        "end": {
          "line": 148,
          "column": 3
        }
      },
      "47": {
        "start": {
          "line": 133,
          "column": 4
        },
        "end": {
          "line": 146,
          "column": 5
        }
      },
      "48": {
        "start": {
          "line": 134,
          "column": 6
        },
        "end": {
          "line": 137,
          "column": 9
        }
      },
      "49": {
        "start": {
          "line": 139,
          "column": 6
        },
        "end": {
          "line": 145,
          "column": 9
        }
      },
      "50": {
        "start": {
          "line": 147,
          "column": 4
        },
        "end": {
          "line": 147,
          "column": 25
        }
      },
      "51": {
        "start": {
          "line": 150,
          "column": 21
        },
        "end": {
          "line": 180,
          "column": 3
        }
      },
      "52": {
        "start": {
          "line": 151,
          "column": 4
        },
        "end": {
          "line": 177,
          "column": 5
        }
      },
      "53": {
        "start": {
          "line": 152,
          "column": 26
        },
        "end": {
          "line": 157,
          "column": 7
        }
      },
      "54": {
        "start": {
          "line": 158,
          "column": 6
        },
        "end": {
          "line": 158,
          "column": 34
        }
      },
      "55": {
        "start": {
          "line": 159,
          "column": 6
        },
        "end": {
          "line": 163,
          "column": 9
        }
      },
      "56": {
        "start": {
          "line": 165,
          "column": 23
        },
        "end": {
          "line": 171,
          "column": 7
        }
      },
      "57": {
        "start": {
          "line": 172,
          "column": 6
        },
        "end": {
          "line": 176,
          "column": 9
        }
      },
      "58": {
        "start": {
          "line": 178,
          "column": 4
        },
        "end": {
          "line": 178,
          "column": 20
        }
      },
      "59": {
        "start": {
          "line": 179,
          "column": 4
        },
        "end": {
          "line": 179,
          "column": 38
        }
      },
      "60": {
        "start": {
          "line": 182,
          "column": 26
        },
        "end": {
          "line": 201,
          "column": 3
        }
      },
      "61": {
        "start": {
          "line": 183,
          "column": 27
        },
        "end": {
          "line": 183,
          "column": 29
        }
      },
      "62": {
        "start": {
          "line": 184,
          "column": 4
        },
        "end": {
          "line": 188,
          "column": 7
        }
      },
      "63": {
        "start": {
          "line": 185,
          "column": 6
        },
        "end": {
          "line": 187,
          "column": 7
        }
      },
      "64": {
        "start": {
          "line": 186,
          "column": 8
        },
        "end": {
          "line": 186,
          "column": 42
        }
      },
      "65": {
        "start": {
          "line": 189,
          "column": 4
        },
        "end": {
          "line": 200,
          "column": 5
        }
      },
      "66": {
        "start": {
          "line": 190,
          "column": 6
        },
        "end": {
          "line": 190,
          "column": 21
        }
      },
      "67": {
        "start": {
          "line": 191,
          "column": 6
        },
        "end": {
          "line": 191,
          "column": 48
        }
      },
      "68": {
        "start": {
          "line": 192,
          "column": 11
        },
        "end": {
          "line": 200,
          "column": 5
        }
      },
      "69": {
        "start": {
          "line": 193,
          "column": 6
        },
        "end": {
          "line": 193,
          "column": 21
        }
      },
      "70": {
        "start": {
          "line": 194,
          "column": 6
        },
        "end": {
          "line": 194,
          "column": 59
        }
      },
      "71": {
        "start": {
          "line": 195,
          "column": 11
        },
        "end": {
          "line": 200,
          "column": 5
        }
      },
      "72": {
        "start": {
          "line": 196,
          "column": 6
        },
        "end": {
          "line": 196,
          "column": 21
        }
      },
      "73": {
        "start": {
          "line": 197,
          "column": 6
        },
        "end": {
          "line": 197,
          "column": 59
        }
      },
      "74": {
        "start": {
          "line": 199,
          "column": 6
        },
        "end": {
          "line": 199,
          "column": 19
        }
      },
      "75": {
        "start": {
          "line": 202,
          "column": 2
        },
        "end": {
          "line": 202,
          "column": 23
        }
      },
      "76": {
        "start": {
          "line": 203,
          "column": 2
        },
        "end": {
          "line": 294,
          "column": 4
        }
      },
      "77": {
        "start": {
          "line": 232,
          "column": 37
        },
        "end": {
          "line": 232,
          "column": 56
        }
      },
      "78": {
        "start": {
          "line": 242,
          "column": 37
        },
        "end": {
          "line": 242,
          "column": 56
        }
      },
      "79": {
        "start": {
          "line": 282,
          "column": 34
        },
        "end": {
          "line": 282,
          "column": 56
        }
      }
    },
    "fnMap": {
      "0": {
        "name": "(anonymous_0)",
        "decl": {
          "start": {
            "line": 25,
            "column": 21
          },
          "end": {
            "line": 25,
            "column": 22
          }
        },
        "loc": {
          "start": {
            "line": 25,
            "column": 61
          },
          "end": {
            "line": 295,
            "column": 1
          }
        },
        "line": 25
      },
      "1": {
        "name": "(anonymous_1)",
        "decl": {
          "start": {
            "line": 75,
            "column": 12
          },
          "end": {
            "line": 75,
            "column": 13
          }
        },
        "loc": {
          "start": {
            "line": 75,
            "column": 18
          },
          "end": {
            "line": 88,
            "column": 3
          }
        },
        "line": 75
      },
      "2": {
        "name": "(anonymous_2)",
        "decl": {
          "start": {
            "line": 77,
            "column": 61
          },
          "end": {
            "line": 77,
            "column": 62
          }
        },
        "loc": {
          "start": {
            "line": 77,
            "column": 77
          },
          "end": {
            "line": 82,
            "column": 7
          }
        },
        "line": 77
      },
      "3": {
        "name": "(anonymous_3)",
        "decl": {
          "start": {
            "line": 90,
            "column": 23
          },
          "end": {
            "line": 90,
            "column": 24
          }
        },
        "loc": {
          "start": {
            "line": 90,
            "column": 34
          },
          "end": {
            "line": 100,
            "column": 3
          }
        },
        "line": 90
      },
      "4": {
        "name": "(anonymous_4)",
        "decl": {
          "start": {
            "line": 102,
            "column": 27
          },
          "end": {
            "line": 102,
            "column": 28
          }
        },
        "loc": {
          "start": {
            "line": 102,
            "column": 35
          },
          "end": {
            "line": 119,
            "column": 3
          }
        },
        "line": 102
      },
      "5": {
        "name": "(anonymous_5)",
        "decl": {
          "start": {
            "line": 104,
            "column": 6
          },
          "end": {
            "line": 104,
            "column": 7
          }
        },
        "loc": {
          "start": {
            "line": 104,
            "column": 22
          },
          "end": {
            "line": 104,
            "column": 42
          }
        },
        "line": 104
      },
      "6": {
        "name": "(anonymous_6)",
        "decl": {
          "start": {
            "line": 108,
            "column": 45
          },
          "end": {
            "line": 108,
            "column": 46
          }
        },
        "loc": {
          "start": {
            "line": 108,
            "column": 61
          },
          "end": {
            "line": 117,
            "column": 5
          }
        },
        "line": 108
      },
      "7": {
        "name": "(anonymous_7)",
        "decl": {
          "start": {
            "line": 121,
            "column": 25
          },
          "end": {
            "line": 121,
            "column": 26
          }
        },
        "loc": {
          "start": {
            "line": 121,
            "column": 40
          },
          "end": {
            "line": 130,
            "column": 3
          }
        },
        "line": 121
      },
      "8": {
        "name": "(anonymous_8)",
        "decl": {
          "start": {
            "line": 122,
            "column": 44
          },
          "end": {
            "line": 122,
            "column": 45
          }
        },
        "loc": {
          "start": {
            "line": 122,
            "column": 60
          },
          "end": {
            "line": 128,
            "column": 5
          }
        },
        "line": 122
      },
      "9": {
        "name": "(anonymous_9)",
        "decl": {
          "start": {
            "line": 132,
            "column": 24
          },
          "end": {
            "line": 132,
            "column": 25
          }
        },
        "loc": {
          "start": {
            "line": 132,
            "column": 30
          },
          "end": {
            "line": 148,
            "column": 3
          }
        },
        "line": 132
      },
      "10": {
        "name": "(anonymous_10)",
        "decl": {
          "start": {
            "line": 150,
            "column": 21
          },
          "end": {
            "line": 150,
            "column": 22
          }
        },
        "loc": {
          "start": {
            "line": 150,
            "column": 27
          },
          "end": {
            "line": 180,
            "column": 3
          }
        },
        "line": 150
      },
      "11": {
        "name": "(anonymous_11)",
        "decl": {
          "start": {
            "line": 182,
            "column": 26
          },
          "end": {
            "line": 182,
            "column": 27
          }
        },
        "loc": {
          "start": {
            "line": 182,
            "column": 37
          },
          "end": {
            "line": 201,
            "column": 3
          }
        },
        "line": 182
      },
      "12": {
        "name": "(anonymous_12)",
        "decl": {
          "start": {
            "line": 184,
            "column": 30
          },
          "end": {
            "line": 184,
            "column": 31
          }
        },
        "loc": {
          "start": {
            "line": 184,
            "column": 46
          },
          "end": {
            "line": 188,
            "column": 5
          }
        },
        "line": 184
      },
      "13": {
        "name": "(anonymous_13)",
        "decl": {
          "start": {
            "line": 232,
            "column": 26
          },
          "end": {
            "line": 232,
            "column": 27
          }
        },
        "loc": {
          "start": {
            "line": 232,
            "column": 37
          },
          "end": {
            "line": 232,
            "column": 56
          }
        },
        "line": 232
      },
      "14": {
        "name": "(anonymous_14)",
        "decl": {
          "start": {
            "line": 242,
            "column": 26
          },
          "end": {
            "line": 242,
            "column": 27
          }
        },
        "loc": {
          "start": {
            "line": 242,
            "column": 37
          },
          "end": {
            "line": 242,
            "column": 56
          }
        },
        "line": 242
      },
      "15": {
        "name": "(anonymous_15)",
        "decl": {
          "start": {
            "line": 282,
            "column": 23
          },
          "end": {
            "line": 282,
            "column": 24
          }
        },
        "loc": {
          "start": {
            "line": 282,
            "column": 34
          },
          "end": {
            "line": 282,
            "column": 56
          }
        },
        "line": 282
      }
    },
    "branchMap": {
      "0": {
        "loc": {
          "start": {
            "line": 72,
            "column": 4
          },
          "end": {
            "line": 72,
            "column": 56
          }
        },
        "type": "cond-expr",
        "locations": [
          {
            "start": {
              "line": 72,
              "column": 22
            },
            "end": {
              "line": 72,
              "column": 39
            }
          },
          {
            "start": {
              "line": 72,
              "column": 42
            },
            "end": {
              "line": 72,
              "column": 56
            }
          }
        ],
        "line": 72
      },
      "1": {
        "loc": {
          "start": {
            "line": 76,
            "column": 4
          },
          "end": {
            "line": 87,
            "column": 5
          }
        },
        "type": "if",
        "locations": [
          {
            "start": {
              "line": 76,
              "column": 4
            },
            "end": {
              "line": 87,
              "column": 5
            }
          },
          {
            "start": {
              "line": 76,
              "column": 4
            },
            "end": {
              "line": 87,
              "column": 5
            }
          }
        ],
        "line": 76
      },
      "2": {
        "loc": {
          "start": {
            "line": 91,
            "column": 4
          },
          "end": {
            "line": 99,
            "column": 5
          }
        },
        "type": "if",
        "locations": [
          {
            "start": {
              "line": 91,
              "column": 4
            },
            "end": {
              "line": 99,
              "column": 5
            }
          },
          {
            "start": {
              "line": 91,
              "column": 4
            },
            "end": {
              "line": 99,
              "column": 5
            }
          }
        ],
        "line": 91
      },
      "3": {
        "loc": {
          "start": {
            "line": 93,
            "column": 11
          },
          "end": {
            "line": 99,
            "column": 5
          }
        },
        "type": "if",
        "locations": [
          {
            "start": {
              "line": 93,
              "column": 11
            },
            "end": {
              "line": 99,
              "column": 5
            }
          },
          {
            "start": {
              "line": 93,
              "column": 11
            },
            "end": {
              "line": 99,
              "column": 5
            }
          }
        ],
        "line": 93
      },
      "4": {
        "loc": {
          "start": {
            "line": 95,
            "column": 11
          },
          "end": {
            "line": 99,
            "column": 5
          }
        },
        "type": "if",
        "locations": [
          {
            "start": {
              "line": 95,
              "column": 11
            },
            "end": {
              "line": 99,
              "column": 5
            }
          },
          {
            "start": {
              "line": 95,
              "column": 11
            },
            "end": {
              "line": 99,
              "column": 5
            }
          }
        ],
        "line": 95
      },
      "5": {
        "loc": {
          "start": {
            "line": 109,
            "column": 6
          },
          "end": {
            "line": 116,
            "column": 7
          }
        },
        "type": "if",
        "locations": [
          {
            "start": {
              "line": 109,
              "column": 6
            },
            "end": {
              "line": 116,
              "column": 7
            }
          },
          {
            "start": {
              "line": 109,
              "column": 6
            },
            "end": {
              "line": 116,
              "column": 7
            }
          }
        ],
        "line": 109
      },
      "6": {
        "loc": {
          "start": {
            "line": 123,
            "column": 6
          },
          "end": {
            "line": 127,
            "column": 7
          }
        },
        "type": "if",
        "locations": [
          {
            "start": {
              "line": 123,
              "column": 6
            },
            "end": {
              "line": 127,
              "column": 7
            }
          },
          {
            "start": {
              "line": 123,
              "column": 6
            },
            "end": {
              "line": 127,
              "column": 7
            }
          }
        ],
        "line": 123
      },
      "7": {
        "loc": {
          "start": {
            "line": 133,
            "column": 4
          },
          "end": {
            "line": 146,
            "column": 5
          }
        },
        "type": "if",
        "locations": [
          {
            "start": {
              "line": 133,
              "column": 4
            },
            "end": {
              "line": 146,
              "column": 5
            }
          },
          {
            "start": {
              "line": 133,
              "column": 4
            },
            "end": {
              "line": 146,
              "column": 5
            }
          }
        ],
        "line": 133
      },
      "8": {
        "loc": {
          "start": {
            "line": 151,
            "column": 4
          },
          "end": {
            "line": 177,
            "column": 5
          }
        },
        "type": "if",
        "locations": [
          {
            "start": {
              "line": 151,
              "column": 4
            },
            "end": {
              "line": 177,
              "column": 5
            }
          },
          {
            "start": {
              "line": 151,
              "column": 4
            },
            "end": {
              "line": 177,
              "column": 5
            }
          }
        ],
        "line": 151
      },
      "9": {
        "loc": {
          "start": {
            "line": 185,
            "column": 6
          },
          "end": {
            "line": 187,
            "column": 7
          }
        },
        "type": "if",
        "locations": [
          {
            "start": {
              "line": 185,
              "column": 6
            },
            "end": {
              "line": 187,
              "column": 7
            }
          },
          {
            "start": {
              "line": 185,
              "column": 6
            },
            "end": {
              "line": 187,
              "column": 7
            }
          }
        ],
        "line": 185
      },
      "10": {
        "loc": {
          "start": {
            "line": 189,
            "column": 4
          },
          "end": {
            "line": 200,
            "column": 5
          }
        },
        "type": "if",
        "locations": [
          {
            "start": {
              "line": 189,
              "column": 4
            },
            "end": {
              "line": 200,
              "column": 5
            }
          },
          {
            "start": {
              "line": 189,
              "column": 4
            },
            "end": {
              "line": 200,
              "column": 5
            }
          }
        ],
        "line": 189
      },
      "11": {
        "loc": {
          "start": {
            "line": 189,
            "column": 8
          },
          "end": {
            "line": 189,
            "column": 53
          }
        },
        "type": "binary-expr",
        "locations": [
          {
            "start": {
              "line": 189,
              "column": 8
            },
            "end": {
              "line": 189,
              "column": 37
            }
          },
          {
            "start": {
              "line": 189,
              "column": 41
            },
            "end": {
              "line": 189,
              "column": 53
            }
          }
        ],
        "line": 189
      },
      "12": {
        "loc": {
          "start": {
            "line": 192,
            "column": 11
          },
          "end": {
            "line": 200,
            "column": 5
          }
        },
        "type": "if",
        "locations": [
          {
            "start": {
              "line": 192,
              "column": 11
            },
            "end": {
              "line": 200,
              "column": 5
            }
          },
          {
            "start": {
              "line": 192,
              "column": 11
            },
            "end": {
              "line": 200,
              "column": 5
            }
          }
        ],
        "line": 192
      },
      "13": {
        "loc": {
          "start": {
            "line": 195,
            "column": 11
          },
          "end": {
            "line": 200,
            "column": 5
          }
        },
        "type": "if",
        "locations": [
          {
            "start": {
              "line": 195,
              "column": 11
            },
            "end": {
              "line": 200,
              "column": 5
            }
          },
          {
            "start": {
              "line": 195,
              "column": 11
            },
            "end": {
              "line": 200,
              "column": 5
            }
          }
        ],
        "line": 195
      },
      "14": {
        "loc": {
          "start": {
            "line": 212,
            "column": 9
          },
          "end": {
            "line": 212,
            "column": 62
          }
        },
        "type": "cond-expr",
        "locations": [
          {
            "start": {
              "line": 212,
              "column": 27
            },
            "end": {
              "line": 212,
              "column": 44
            }
          },
          {
            "start": {
              "line": 212,
              "column": 47
            },
            "end": {
              "line": 212,
              "column": 62
            }
          }
        ],
        "line": 212
      },
      "15": {
        "loc": {
          "start": {
            "line": 230,
            "column": 23
          },
          "end": {
            "line": 230,
            "column": 65
          }
        },
        "type": "cond-expr",
        "locations": [
          {
            "start": {
              "line": 230,
              "column": 41
            },
            "end": {
              "line": 230,
              "column": 58
            }
          },
          {
            "start": {
              "line": 230,
              "column": 61
            },
            "end": {
              "line": 230,
              "column": 65
            }
          }
        ],
        "line": 230
      },
      "16": {
        "loc": {
          "start": {
            "line": 240,
            "column": 23
          },
          "end": {
            "line": 240,
            "column": 62
          }
        },
        "type": "cond-expr",
        "locations": [
          {
            "start": {
              "line": 240,
              "column": 41
            },
            "end": {
              "line": 240,
              "column": 55
            }
          },
          {
            "start": {
              "line": 240,
              "column": 58
            },
            "end": {
              "line": 240,
              "column": 62
            }
          }
        ],
        "line": 240
      },
      "17": {
        "loc": {
          "start": {
            "line": 258,
            "column": 15
          },
          "end": {
            "line": 266,
            "column": 22
          }
        },
        "type": "cond-expr",
        "locations": [
          {
            "start": {
              "line": 259,
              "column": 16
            },
            "end": {
              "line": 265,
              "column": 24
            }
          },
          {
            "start": {
              "line": 266,
              "column": 18
            },
            "end": {
              "line": 266,
              "column": 22
            }
          }
        ],
        "line": 258
      },
      "18": {
        "loc": {
          "start": {
            "line": 258,
            "column": 15
          },
          "end": {
            "line": 258,
            "column": 36
          }
        },
        "type": "binary-expr",
        "locations": [
          {
            "start": {
              "line": 258,
              "column": 15
            },
            "end": {
              "line": 258,
              "column": 27
            }
          },
          {
            "start": {
              "line": 258,
              "column": 31
            },
            "end": {
              "line": 258,
              "column": 36
            }
          }
        ],
        "line": 258
      },
      "19": {
        "loc": {
          "start": {
            "line": 262,
            "column": 21
          },
          "end": {
            "line": 262,
            "column": 75
          }
        },
        "type": "cond-expr",
        "locations": [
          {
            "start": {
              "line": 262,
              "column": 57
            },
            "end": {
              "line": 262,
              "column": 65
            }
          },
          {
            "start": {
              "line": 262,
              "column": 68
            },
            "end": {
              "line": 262,
              "column": 75
            }
          }
        ],
        "line": 262
      },
      "20": {
        "loc": {
          "start": {
            "line": 267,
            "column": 15
          },
          "end": {
            "line": 273,
            "column": 22
          }
        },
        "type": "cond-expr",
        "locations": [
          {
            "start": {
              "line": 268,
              "column": 16
            },
            "end": {
              "line": 272,
              "column": 24
            }
          },
          {
            "start": {
              "line": 273,
              "column": 18
            },
            "end": {
              "line": 273,
              "column": 22
            }
          }
        ],
        "line": 267
      },
      "21": {
        "loc": {
          "start": {
            "line": 285,
            "column": 15
          },
          "end": {
            "line": 285,
            "column": 53
          }
        },
        "type": "cond-expr",
        "locations": [
          {
            "start": {
              "line": 285,
              "column": 33
            },
            "end": {
              "line": 285,
              "column": 39
            }
          },
          {
            "start": {
              "line": 285,
              "column": 42
            },
            "end": {
              "line": 285,
              "column": 53
            }
          }
        ],
        "line": 285
      }
    },
    "s": {
      "0": 6,
      "1": 0,
      "2": 0,
      "3": 0,
      "4": 0,
      "5": 0,
      "6": 0,
      "7": 0,
      "8": 0,
      "9": 0,
      "10": 0,
      "11": 0,
      "12": 0,
      "13": 0,
      "14": 0,
      "15": 0,
      "16": 0,
      "17": 0,
      "18": 0,
      "19": 0,
      "20": 0,
      "21": 0,
      "22": 0,
      "23": 0,
      "24": 0,
      "25": 0,
      "26": 0,
      "27": 0,
      "28": 0,
      "29": 0,
      "30": 0,
      "31": 0,
      "32": 0,
      "33": 0,
      "34": 0,
      "35": 0,
      "36": 0,
      "37": 0,
      "38": 0,
      "39": 0,
      "40": 0,
      "41": 0,
      "42": 0,
      "43": 0,
      "44": 0,
      "45": 0,
      "46": 0,
      "47": 0,
      "48": 0,
      "49": 0,
      "50": 0,
      "51": 0,
      "52": 0,
      "53": 0,
      "54": 0,
      "55": 0,
      "56": 0,
      "57": 0,
      "58": 0,
      "59": 0,
      "60": 0,
      "61": 0,
      "62": 0,
      "63": 0,
      "64": 0,
      "65": 0,
      "66": 0,
      "67": 0,
      "68": 0,
      "69": 0,
      "70": 0,
      "71": 0,
      "72": 0,
      "73": 0,
      "74": 0,
      "75": 0,
      "76": 0,
      "77": 0,
      "78": 0,
      "79": 0
    },
    "f": {
      "0": 0,
      "1": 0,
      "2": 0,
      "3": 0,
      "4": 0,
      "5": 0,
      "6": 0,
      "7": 0,
      "8": 0,
      "9": 0,
      "10": 0,
      "11": 0,
      "12": 0,
      "13": 0,
      "14": 0,
      "15": 0
    },
    "b": {
      "0": [
        0,
        0
      ],
      "1": [
        0,
        0
      ],
      "2": [
        0,
        0
      ],
      "3": [
        0,
        0
      ],
      "4": [
        0,
        0
      ],
      "5": [
        0,
        0
      ],
      "6": [
        0,
        0
      ],
      "7": [
        0,
        0
      ],
      "8": [
        0,
        0
      ],
      "9": [
        0,
        0
      ],
      "10": [
        0,
        0
      ],
      "11": [
        0,
        0
      ],
      "12": [
        0,
        0
      ],
      "13": [
        0,
        0
      ],
      "14": [
        0,
        0
      ],
      "15": [
        0,
        0
      ],
      "16": [
        0,
        0
      ],
      "17": [
        0,
        0
      ],
      "18": [
        0,
        0
      ],
      "19": [
        0,
        0
      ],
      "20": [
        0,
        0
      ],
      "21": [
        0,
        0
      ]
    },
    "_coverageSchema": "1a1c01bbd47fc00a2c39e90264f33305004495a9",
    "hash": "060823fd8adf355dcb444d8b288255a2abf4c115"
  },
  "/Users/piperjarrett/mod3/re-sip-e_fe/src/components/CocktailInfo/CocktailInfo.js": {
    "path": "/Users/piperjarrett/mod3/re-sip-e_fe/src/components/CocktailInfo/CocktailInfo.js",
    "statementMap": {
      "0": {
        "start": {
          "line": 8,
          "column": 21
        },
        "end": {
          "line": 148,
          "column": 1
        }
      },
      "1": {
        "start": {
          "line": 9,
          "column": 19
        },
        "end": {
          "line": 21,
          "column": 11
        }
      },
      "2": {
        "start": {
          "line": 22,
          "column": 19
        },
        "end": {
          "line": 40,
          "column": 11
        }
      },
      "3": {
        "start": {
          "line": 42,
          "column": 25
        },
        "end": {
          "line": 57,
          "column": 3
        }
      },
      "4": {
        "start": {
          "line": 59,
          "column": 23
        },
        "end": {
          "line": 66,
          "column": 3
        }
      },
      "5": {
        "start": {
          "line": 68,
          "column": 35
        },
        "end": {
          "line": 68,
          "column": 75
        }
      },
      "6": {
        "start": {
          "line": 69,
          "column": 33
        },
        "end": {
          "line": 69,
          "column": 60
        }
      },
      "7": {
        "start": {
          "line": 70,
          "column": 39
        },
        "end": {
          "line": 70,
          "column": 64
        }
      },
      "8": {
        "start": {
          "line": 71,
          "column": 2
        },
        "end": {
          "line": 71,
          "column": 31
        }
      },
      "9": {
        "start": {
          "line": 72,
          "column": 19
        },
        "end": {
          "line": 91,
          "column": 3
        }
      },
      "10": {
        "start": {
          "line": 73,
          "column": 27
        },
        "end": {
          "line": 78,
          "column": 6
        }
      },
      "11": {
        "start": {
          "line": 74,
          "column": 6
        },
        "end": {
          "line": 77,
          "column": 8
        }
      },
      "12": {
        "start": {
          "line": 79,
          "column": 26
        },
        "end": {
          "line": 85,
          "column": 5
        }
      },
      "13": {
        "start": {
          "line": 86,
          "column": 4
        },
        "end": {
          "line": 90,
          "column": 7
        }
      },
      "14": {
        "start": {
          "line": 93,
          "column": 25
        },
        "end": {
          "line": 99,
          "column": 3
        }
      },
      "15": {
        "start": {
          "line": 94,
          "column": 4
        },
        "end": {
          "line": 98,
          "column": 7
        }
      },
      "16": {
        "start": {
          "line": 101,
          "column": 2
        },
        "end": {
          "line": 147,
          "column": 4
        }
      },
      "17": {
        "start": {
          "line": 123,
          "column": 18
        },
        "end": {
          "line": 123,
          "column": 57
        }
      },
      "18": {
        "start": {
          "line": 126,
          "column": 18
        },
        "end": {
          "line": 126,
          "column": 57
        }
      },
      "19": {
        "start": {
          "line": 137,
          "column": 39
        },
        "end": {
          "line": 137,
          "column": 55
        }
      },
      "20": {
        "start": {
          "line": 141,
          "column": 62
        },
        "end": {
          "line": 141,
          "column": 72
        }
      }
    },
    "fnMap": {
      "0": {
        "name": "(anonymous_0)",
        "decl": {
          "start": {
            "line": 8,
            "column": 21
          },
          "end": {
            "line": 8,
            "column": 22
          }
        },
        "loc": {
          "start": {
            "line": 8,
            "column": 51
          },
          "end": {
            "line": 148,
            "column": 1
          }
        },
        "line": 8
      },
      "1": {
        "name": "(anonymous_1)",
        "decl": {
          "start": {
            "line": 72,
            "column": 19
          },
          "end": {
            "line": 72,
            "column": 20
          }
        },
        "loc": {
          "start": {
            "line": 72,
            "column": 25
          },
          "end": {
            "line": 91,
            "column": 3
          }
        },
        "line": 72
      },
      "2": {
        "name": "(anonymous_2)",
        "decl": {
          "start": {
            "line": 73,
            "column": 57
          },
          "end": {
            "line": 73,
            "column": 58
          }
        },
        "loc": {
          "start": {
            "line": 73,
            "column": 73
          },
          "end": {
            "line": 78,
            "column": 5
          }
        },
        "line": 73
      },
      "3": {
        "name": "(anonymous_3)",
        "decl": {
          "start": {
            "line": 93,
            "column": 25
          },
          "end": {
            "line": 93,
            "column": 26
          }
        },
        "loc": {
          "start": {
            "line": 93,
            "column": 31
          },
          "end": {
            "line": 99,
            "column": 3
          }
        },
        "line": 93
      },
      "4": {
        "name": "(anonymous_4)",
        "decl": {
          "start": {
            "line": 122,
            "column": 46
          },
          "end": {
            "line": 122,
            "column": 47
          }
        },
        "loc": {
          "start": {
            "line": 122,
            "column": 62
          },
          "end": {
            "line": 124,
            "column": 17
          }
        },
        "line": 122
      },
      "5": {
        "name": "(anonymous_5)",
        "decl": {
          "start": {
            "line": 125,
            "column": 43
          },
          "end": {
            "line": 125,
            "column": 44
          }
        },
        "loc": {
          "start": {
            "line": 125,
            "column": 59
          },
          "end": {
            "line": 127,
            "column": 17
          }
        },
        "line": 125
      },
      "6": {
        "name": "(anonymous_6)",
        "decl": {
          "start": {
            "line": 137,
            "column": 33
          },
          "end": {
            "line": 137,
            "column": 34
          }
        },
        "loc": {
          "start": {
            "line": 137,
            "column": 39
          },
          "end": {
            "line": 137,
            "column": 55
          }
        },
        "line": 137
      },
      "7": {
        "name": "(anonymous_7)",
        "decl": {
          "start": {
            "line": 141,
            "column": 56
          },
          "end": {
            "line": 141,
            "column": 57
          }
        },
        "loc": {
          "start": {
            "line": 141,
            "column": 62
          },
          "end": {
            "line": 141,
            "column": 72
          }
        },
        "line": 141
      }
    },
    "branchMap": {
      "0": {
        "loc": {
          "start": {
            "line": 68,
            "column": 44
          },
          "end": {
            "line": 68,
            "column": 74
          }
        },
        "type": "cond-expr",
        "locations": [
          {
            "start": {
              "line": 68,
              "column": 55
            },
            "end": {
              "line": 68,
              "column": 63
            }
          },
          {
            "start": {
              "line": 68,
              "column": 66
            },
            "end": {
              "line": 68,
              "column": 74
            }
          }
        ],
        "line": 68
      },
      "1": {
        "loc": {
          "start": {
            "line": 101,
            "column": 9
          },
          "end": {
            "line": 147,
            "column": 3
          }
        },
        "type": "cond-expr",
        "locations": [
          {
            "start": {
              "line": 102,
              "column": 4
            },
            "end": {
              "line": 102,
              "column": 33
            }
          },
          {
            "start": {
              "line": 104,
              "column": 4
            },
            "end": {
              "line": 146,
              "column": 10
            }
          }
        ],
        "line": 101
      },
      "2": {
        "loc": {
          "start": {
            "line": 106,
            "column": 7
          },
          "end": {
            "line": 145,
            "column": 7
          }
        },
        "type": "cond-expr",
        "locations": [
          {
            "start": {
              "line": 107,
              "column": 8
            },
            "end": {
              "line": 109,
              "column": 18
            }
          },
          {
            "start": {
              "line": 111,
              "column": 6
            },
            "end": {
              "line": 144,
              "column": 14
            }
          }
        ],
        "line": 106
      },
      "3": {
        "loc": {
          "start": {
            "line": 112,
            "column": 18
          },
          "end": {
            "line": 112,
            "column": 70
          }
        },
        "type": "cond-expr",
        "locations": [
          {
            "start": {
              "line": 112,
              "column": 30
            },
            "end": {
              "line": 112,
              "column": 50
            }
          },
          {
            "start": {
              "line": 112,
              "column": 53
            },
            "end": {
              "line": 112,
              "column": 70
            }
          }
        ],
        "line": 112
      },
      "4": {
        "loc": {
          "start": {
            "line": 115,
            "column": 13
          },
          "end": {
            "line": 115,
            "column": 61
          }
        },
        "type": "cond-expr",
        "locations": [
          {
            "start": {
              "line": 115,
              "column": 25
            },
            "end": {
              "line": 115,
              "column": 43
            }
          },
          {
            "start": {
              "line": 115,
              "column": 46
            },
            "end": {
              "line": 115,
              "column": 61
            }
          }
        ],
        "line": 115
      },
      "5": {
        "loc": {
          "start": {
            "line": 117,
            "column": 11
          },
          "end": {
            "line": 117,
            "column": 75
          }
        },
        "type": "cond-expr",
        "locations": [
          {
            "start": {
              "line": 117,
              "column": 29
            },
            "end": {
              "line": 117,
              "column": 68
            }
          },
          {
            "start": {
              "line": 117,
              "column": 71
            },
            "end": {
              "line": 117,
              "column": 75
            }
          }
        ],
        "line": 117
      },
      "6": {
        "loc": {
          "start": {
            "line": 118,
            "column": 11
          },
          "end": {
            "line": 118,
            "column": 81
          }
        },
        "type": "cond-expr",
        "locations": [
          {
            "start": {
              "line": 118,
              "column": 32
            },
            "end": {
              "line": 118,
              "column": 74
            }
          },
          {
            "start": {
              "line": 118,
              "column": 77
            },
            "end": {
              "line": 118,
              "column": 81
            }
          }
        ],
        "line": 118
      },
      "7": {
        "loc": {
          "start": {
            "line": 121,
            "column": 13
          },
          "end": {
            "line": 127,
            "column": 18
          }
        },
        "type": "cond-expr",
        "locations": [
          {
            "start": {
              "line": 122,
              "column": 16
            },
            "end": {
              "line": 124,
              "column": 18
            }
          },
          {
            "start": {
              "line": 125,
              "column": 16
            },
            "end": {
              "line": 127,
              "column": 18
            }
          }
        ],
        "line": 121
      },
      "8": {
        "loc": {
          "start": {
            "line": 130,
            "column": 23
          },
          "end": {
            "line": 130,
            "column": 73
          }
        },
        "type": "cond-expr",
        "locations": [
          {
            "start": {
              "line": 130,
              "column": 35
            },
            "end": {
              "line": 130,
              "column": 54
            }
          },
          {
            "start": {
              "line": 130,
              "column": 57
            },
            "end": {
              "line": 130,
              "column": 73
            }
          }
        ],
        "line": 130
      },
      "9": {
        "loc": {
          "start": {
            "line": 133,
            "column": 11
          },
          "end": {
            "line": 142,
            "column": 11
          }
        },
        "type": "cond-expr",
        "locations": [
          {
            "start": {
              "line": 134,
              "column": 12
            },
            "end": {
              "line": 139,
              "column": 18
            }
          },
          {
            "start": {
              "line": 141,
              "column": 12
            },
            "end": {
              "line": 141,
              "column": 174
            }
          }
        ],
        "line": 133
      }
    },
    "s": {
      "0": 6,
      "1": 0,
      "2": 0,
      "3": 0,
      "4": 0,
      "5": 0,
      "6": 0,
      "7": 0,
      "8": 0,
      "9": 0,
      "10": 0,
      "11": 0,
      "12": 0,
      "13": 0,
      "14": 0,
      "15": 0,
      "16": 0,
      "17": 0,
      "18": 0,
      "19": 0,
      "20": 0
    },
    "f": {
      "0": 0,
      "1": 0,
      "2": 0,
      "3": 0,
      "4": 0,
      "5": 0,
      "6": 0,
      "7": 0
    },
    "b": {
      "0": [
        0,
        0
      ],
      "1": [
        0,
        0
      ],
      "2": [
        0,
        0
      ],
      "3": [
        0,
        0
      ],
      "4": [
        0,
        0
      ],
      "5": [
        0,
        0
      ],
      "6": [
        0,
        0
      ],
      "7": [
        0,
        0
      ],
      "8": [
        0,
        0
      ],
      "9": [
        0,
        0
      ]
    },
    "_coverageSchema": "1a1c01bbd47fc00a2c39e90264f33305004495a9",
    "hash": "2395782bd1aeab67d4a23f9dcd4ffea785a306f7"
  },
  "/Users/piperjarrett/mod3/re-sip-e_fe/src/components/Profile/Profile.js": {
    "path": "/Users/piperjarrett/mod3/re-sip-e_fe/src/components/Profile/Profile.js",
    "statementMap": {
      "0": {
        "start": {
          "line": 8,
          "column": 24
        },
        "end": {
          "line": 21,
          "column": 1
        }
      },
      "1": {
        "start": {
          "line": 23,
          "column": 16
        },
        "end": {
          "line": 84,
          "column": 1
        }
      },
      "2": {
        "start": {
          "line": 24,
          "column": 35
        },
        "end": {
          "line": 24,
          "column": 60
        }
      },
      "3": {
        "start": {
          "line": 26,
          "column": 2
        },
        "end": {
          "line": 28,
          "column": 3
        }
      },
      "4": {
        "start": {
          "line": 27,
          "column": 4
        },
        "end": {
          "line": 27,
          "column": 43
        }
      },
      "5": {
        "start": {
          "line": 29,
          "column": 2
        },
        "end": {
          "line": 31,
          "column": 3
        }
      },
      "6": {
        "start": {
          "line": 30,
          "column": 4
        },
        "end": {
          "line": 30,
          "column": 75
        }
      },
      "7": {
        "start": {
          "line": 33,
          "column": 24
        },
        "end": {
          "line": 33,
          "column": 71
        }
      },
      "8": {
        "start": {
          "line": 33,
          "column": 54
        },
        "end": {
          "line": 33,
          "column": 70
        }
      },
      "9": {
        "start": {
          "line": 35,
          "column": 2
        },
        "end": {
          "line": 83,
          "column": 4
        }
      }
    },
    "fnMap": {
      "0": {
        "name": "(anonymous_0)",
        "decl": {
          "start": {
            "line": 23,
            "column": 16
          },
          "end": {
            "line": 23,
            "column": 17
          }
        },
        "loc": {
          "start": {
            "line": 23,
            "column": 22
          },
          "end": {
            "line": 84,
            "column": 1
          }
        },
        "line": 23
      },
      "1": {
        "name": "(anonymous_1)",
        "decl": {
          "start": {
            "line": 33,
            "column": 43
          },
          "end": {
            "line": 33,
            "column": 44
          }
        },
        "loc": {
          "start": {
            "line": 33,
            "column": 54
          },
          "end": {
            "line": 33,
            "column": 70
          }
        },
        "line": 33
      }
    },
    "branchMap": {
      "0": {
        "loc": {
          "start": {
            "line": 26,
            "column": 2
          },
          "end": {
            "line": 28,
            "column": 3
          }
        },
        "type": "if",
        "locations": [
          {
            "start": {
              "line": 26,
              "column": 2
            },
            "end": {
              "line": 28,
              "column": 3
            }
          },
          {
            "start": {
              "line": 26,
              "column": 2
            },
            "end": {
              "line": 28,
              "column": 3
            }
          }
        ],
        "line": 26
      },
      "1": {
        "loc": {
          "start": {
            "line": 29,
            "column": 2
          },
          "end": {
            "line": 31,
            "column": 3
          }
        },
        "type": "if",
        "locations": [
          {
            "start": {
              "line": 29,
              "column": 2
            },
            "end": {
              "line": 31,
              "column": 3
            }
          },
          {
            "start": {
              "line": 29,
              "column": 2
            },
            "end": {
              "line": 31,
              "column": 3
            }
          }
        ],
        "line": 29
      }
    },
    "s": {
      "0": 6,
      "1": 6,
      "2": 6,
      "3": 6,
      "4": 3,
      "5": 3,
      "6": 0,
      "7": 3,
      "8": 3,
      "9": 3
    },
    "f": {
      "0": 6,
      "1": 3
    },
    "b": {
      "0": [
        3,
        3
      ],
      "1": [
        0,
        3
      ]
    },
    "_coverageSchema": "1a1c01bbd47fc00a2c39e90264f33305004495a9",
    "hash": "a41bd59128a1dc0f991ade38ae8c5dd8bcf8b6dd"
  },
  "/Users/piperjarrett/mod3/re-sip-e_fe/src/components/SearchPage/SearchPage.js": {
    "path": "/Users/piperjarrett/mod3/re-sip-e_fe/src/components/SearchPage/SearchPage.js",
    "statementMap": {
      "0": {
        "start": {
          "line": 8,
          "column": 25
        },
        "end": {
          "line": 20,
          "column": 1
        }
      },
      "1": {
        "start": {
          "line": 22,
          "column": 19
        },
        "end": {
          "line": 87,
          "column": 1
        }
      },
      "2": {
        "start": {
          "line": 23,
          "column": 40
        },
        "end": {
          "line": 23,
          "column": 54
        }
      },
      "3": {
        "start": {
          "line": 24,
          "column": 30
        },
        "end": {
          "line": 24,
          "column": 42
        }
      },
      "4": {
        "start": {
          "line": 25,
          "column": 36
        },
        "end": {
          "line": 27,
          "column": 3
        }
      },
      "5": {
        "start": {
          "line": 28,
          "column": 35
        },
        "end": {
          "line": 32,
          "column": 4
        }
      },
      "6": {
        "start": {
          "line": 33,
          "column": 2
        },
        "end": {
          "line": 33,
          "column": 40
        }
      },
      "7": {
        "start": {
          "line": 35,
          "column": 23
        },
        "end": {
          "line": 38,
          "column": 3
        }
      },
      "8": {
        "start": {
          "line": 36,
          "column": 4
        },
        "end": {
          "line": 36,
          "column": 23
        }
      },
      "9": {
        "start": {
          "line": 37,
          "column": 4
        },
        "end": {
          "line": 37,
          "column": 30
        }
      },
      "10": {
        "start": {
          "line": 40,
          "column": 2
        },
        "end": {
          "line": 46,
          "column": 16
        }
      },
      "11": {
        "start": {
          "line": 41,
          "column": 4
        },
        "end": {
          "line": 45,
          "column": 5
        }
      },
      "12": {
        "start": {
          "line": 42,
          "column": 6
        },
        "end": {
          "line": 42,
          "column": 80
        }
      },
      "13": {
        "start": {
          "line": 44,
          "column": 6
        },
        "end": {
          "line": 44,
          "column": 69
        }
      },
      "14": {
        "start": {
          "line": 48,
          "column": 22
        },
        "end": {
          "line": 51,
          "column": 3
        }
      },
      "15": {
        "start": {
          "line": 49,
          "column": 4
        },
        "end": {
          "line": 49,
          "column": 23
        }
      },
      "16": {
        "start": {
          "line": 50,
          "column": 4
        },
        "end": {
          "line": 50,
          "column": 27
        }
      },
      "17": {
        "start": {
          "line": 53,
          "column": 2
        },
        "end": {
          "line": 86,
          "column": 4
        }
      },
      "18": {
        "start": {
          "line": 66,
          "column": 29
        },
        "end": {
          "line": 66,
          "column": 44
        }
      },
      "19": {
        "start": {
          "line": 69,
          "column": 34
        },
        "end": {
          "line": 69,
          "column": 48
        }
      }
    },
    "fnMap": {
      "0": {
        "name": "(anonymous_0)",
        "decl": {
          "start": {
            "line": 22,
            "column": 19
          },
          "end": {
            "line": 22,
            "column": 20
          }
        },
        "loc": {
          "start": {
            "line": 22,
            "column": 25
          },
          "end": {
            "line": 87,
            "column": 1
          }
        },
        "line": 22
      },
      "1": {
        "name": "(anonymous_1)",
        "decl": {
          "start": {
            "line": 35,
            "column": 23
          },
          "end": {
            "line": 35,
            "column": 24
          }
        },
        "loc": {
          "start": {
            "line": 35,
            "column": 30
          },
          "end": {
            "line": 38,
            "column": 3
          }
        },
        "line": 35
      },
      "2": {
        "name": "(anonymous_2)",
        "decl": {
          "start": {
            "line": 40,
            "column": 12
          },
          "end": {
            "line": 40,
            "column": 13
          }
        },
        "loc": {
          "start": {
            "line": 40,
            "column": 18
          },
          "end": {
            "line": 46,
            "column": 3
          }
        },
        "line": 40
      },
      "3": {
        "name": "(anonymous_3)",
        "decl": {
          "start": {
            "line": 48,
[...]
      "13": 0,
      "14": 0,
      "15": 0,
      "16": 0,
      "17": 0,
      "18": 0,
      "19": 0
    },
    "f": {
      "0": 0,
      "1": 0,
      "2": 0,
      "3": 0,
      "4": 0,
      "5": 0
    },
    "b": {
      "0": [
        0,
        0
      ],
      "1": [
        0,
        0
      ],
      "2": [
        0,
        0
      ],
      "3": [
        0,
        0
      ]
    },
    "_coverageSchema": "1a1c01bbd47fc00a2c39e90264f33305004495a9",
    "hash": "17b2930f06f79f14c47c812eef7182520114a04d"
  },
  "/Users/piperjarrett/mod3/re-sip-e_fe/src/hooks/useBarData.js": {
    "path": "/Users/piperjarrett/mod3/re-sip-e_fe/src/hooks/useBarData.js",
    "statementMap": {
      "0": {
        "start": {
          "line": 3,
          "column": 21
        },
        "end": {
          "line": 16,
          "column": 1
        }
      },
      "1": {
        "start": {
          "line": 18,
          "column": 26
        },
        "end": {
          "line": 26,
          "column": 1
        }
      },
      "2": {
        "start": {
          "line": 19,
          "column": 35
        },
        "end": {
          "line": 23,
          "column": 4
        }
      },
      "3": {
        "start": {
          "line": 25,
          "column": 2
        },
        "end": {
          "line": 25,
          "column": 34
        }
      }
    },
    "fnMap": {
      "0": {
        "name": "(anonymous_0)",
        "decl": {
          "start": {
            "line": 18,
            "column": 26
          },
          "end": {
            "line": 18,
            "column": 27
          }
        },
        "loc": {
          "start": {
            "line": 18,
            "column": 34
          },
          "end": {
            "line": 26,
            "column": 1
          }
        },
        "line": 18
      }
    },
    "branchMap": {},
    "s": {
      "0": 6,
      "1": 6,
      "2": 1,
      "3": 1
    },
    "f": {
      "0": 1
    },
    "b": {},
    "_coverageSchema": "1a1c01bbd47fc00a2c39e90264f33305004495a9",
    "hash": "f1efebbcf3f538ad73bd6065e822d8d7d984e8aa"
  },
  "/Users/piperjarrett/mod3/re-sip-e_fe/src/components/BarPage/BarPage.js": {
    "path": "/Users/piperjarrett/mod3/re-sip-e_fe/src/components/BarPage/BarPage.js",
    "statementMap": {
      "0": {
        "start": {
          "line": 10,
          "column": 16
        },
        "end": {
          "line": 64,
          "column": 1
        }
      },
      "1": {
        "start": {
          "line": 11,
          "column": 35
        },
        "end": {
          "line": 11,
          "column": 49
        }
      },
      "2": {
        "start": {
          "line": 12,
          "column": 34
        },
        "end": {
          "line": 12,
          "column": 48
        }
      },
      "3": {
        "start": {
          "line": 13,
          "column": 2
        },
        "end": {
          "line": 21,
          "column": 3
        }
      },
      "4": {
        "start": {
          "line": 14,
          "column": 4
        },
        "end": {
          "line": 20,
          "column": 6
        }
      },
      "5": {
        "start": {
          "line": 23,
          "column": 2
        },
        "end": {
          "line": 25,
          "column": 3
        }
      },
      "6": {
        "start": {
          "line": 24,
          "column": 4
        },
        "end": {
          "line": 24,
          "column": 49
        }
      },
      "7": {
        "start": {
          "line": 26,
          "column": 24
        },
        "end": {
          "line": 28,
          "column": 3
        }
      },
      "8": {
        "start": {
          "line": 27,
          "column": 4
        },
        "end": {
          "line": 27,
          "column": 29
        }
      },
      "9": {
        "start": {
          "line": 30,
          "column": 4
        },
        "end": {
          "line": 30,
          "column": 73
        }
      },
      "10": {
        "start": {
          "line": 32,
          "column": 2
        },
        "end": {
          "line": 32,
          "column": 31
        }
      },
      "11": {
        "start": {
          "line": 33,
          "column": 2
        },
        "end": {
          "line": 63,
          "column": 4
        }
      }
    },
    "fnMap": {
      "0": {
        "name": "(anonymous_0)",
        "decl": {
          "start": {
            "line": 10,
            "column": 16
          },
          "end": {
            "line": 10,
            "column": 17
          }
        },
        "loc": {
          "start": {
            "line": 10,
            "column": 28
          },
          "end": {
            "line": 64,
            "column": 1
          }
        },
        "line": 10
      },
      "1": {
        "name": "(anonymous_1)",
        "decl": {
          "start": {
            "line": 26,
            "column": 24
          },
          "end": {
            "line": 26,
            "column": 25
          }
        },
        "loc": {
          "start": {
            "line": 26,
            "column": 30
          },
          "end": {
            "line": 28,
            "column": 3
          }
        },
        "line": 26
      }
    },
    "branchMap": {
      "0": {
        "loc": {
          "start": {
            "line": 13,
            "column": 2
          },
          "end": {
            "line": 21,
            "column": 3
          }
        },
        "type": "if",
        "locations": [
          {
            "start": {
              "line": 13,
              "column": 2
            },
            "end": {
              "line": 21,
              "column": 3
            }
          },
          {
            "start": {
              "line": 13,
              "column": 2
            },
            "end": {
              "line": 21,
              "column": 3
            }
          }
        ],
        "line": 13
      },
      "1": {
        "loc": {
          "start": {
            "line": 23,
            "column": 2
          },
          "end": {
            "line": 25,
            "column": 3
          }
        },
        "type": "if",
        "locations": [
          {
            "start": {
              "line": 23,
              "column": 2
            },
            "end": {
              "line": 25,
              "column": 3
            }
          },
          {
            "start": {
              "line": 23,
              "column": 2
            },
            "end": {
              "line": 25,
              "column": 3
            }
          }
        ],
        "line": 23
      },
      "2": {
        "loc": {
          "start": {
            "line": 36,
            "column": 7
          },
          "end": {
            "line": 61,
            "column": 7
          }
        },
        "type": "cond-expr",
        "locations": [
          {
            "start": {
              "line": 37,
              "column": 8
            },
            "end": {
              "line": 37,
              "column": 53
            }
          },
          {
            "start": {
              "line": 39,
              "column": 8
            },
            "end": {
              "line": 60,
              "column": 14
            }
          }
        ],
        "line": 36
      }
    },
    "s": {
      "0": 6,
      "1": 1,
      "2": 1,
      "3": 1,
      "4": 1,
      "5": 0,
      "6": 0,
      "7": 0,
      "8": 0,
      "9": 0,
      "10": 0,
      "11": 0
    },
    "f": {
      "0": 1,
      "1": 0
    },
    "b": {
      "0": [
        1,
        0
      ],
      "1": [
        0,
        0
      ],
      "2": [
        0,
        0
      ]
    },
    "_coverageSchema": "1a1c01bbd47fc00a2c39e90264f33305004495a9",
    "hash": "527b2eeabe907c1f58c0e2c69a1a890b4dbce819"
  },
  "/Users/piperjarrett/mod3/re-sip-e_fe/src/components/App/App.js": {
    "path": "/Users/piperjarrett/mod3/re-sip-e_fe/src/components/App/App.js",
    "statementMap": {
      "0": {
        "start": {
          "line": 14,
          "column": 12
        },
        "end": {
          "line": 106,
          "column": 1
        }
      },
      "1": {
        "start": {
          "line": 15,
          "column": 34
        },
        "end": {
          "line": 15,
          "column": 49
        }
      },
      "2": {
        "start": {
          "line": 16,
          "column": 28
        },
        "end": {
          "line": 16,
          "column": 42
        }
      },
      "3": {
        "start": {
          "line": 18,
          "column": 25
        },
        "end": {
          "line": 26,
          "column": 3
        }
      },
      "4": {
        "start": {
          "line": 27,
          "column": 35
        },
        "end": {
          "line": 27,
          "column": 59
        }
      },
      "5": {
        "start": {
          "line": 29,
          "column": 2
        },
        "end": {
          "line": 105,
          "column": 4
        }
      },
      "6": {
        "start": {
          "line": 50,
          "column": 12
        },
        "end": {
          "line": 50,
          "column": 62
        }
      },
      "7": {
        "start": {
          "line": 57,
          "column": 12
        },
        "end": {
          "line": 82,
          "column": 18
        }
      },
      "8": {
        "start": {
          "line": 89,
          "column": 12
        },
        "end": {
          "line": 91,
          "column": 18
        }
      },
      "9": {
        "start": {
          "line": 98,
          "column": 12
        },
        "end": {
          "line": 100,
          "column": 18
        }
      }
    },
    "fnMap": {
      "0": {
        "name": "(anonymous_0)",
        "decl": {
          "start": {
            "line": 14,
            "column": 12
          },
          "end": {
            "line": 14,
            "column": 13
          }
        },
        "loc": {
          "start": {
            "line": 14,
            "column": 18
          },
          "end": {
            "line": 106,
            "column": 1
          }
        },
        "line": 14
      },
      "1": {
        "name": "(anonymous_1)",
        "decl": {
          "start": {
            "line": 49,
            "column": 18
          },
          "end": {
            "line": 49,
            "column": 19
          }
        },
        "loc": {
          "start": {
            "line": 49,
            "column": 33
          },
          "end": {
            "line": 51,
            "column": 11
          }
        },
        "line": 49
      },
      "2": {
        "name": "(anonymous_2)",
        "decl": {
          "start": {
            "line": 56,
            "column": 18
          },
          "end": {
            "line": 56,
            "column": 19
          }
        },
        "loc": {
          "start": {
            "line": 57,
            "column": 12
          },
          "end": {
            "line": 82,
            "column": 18
          }
        },
        "line": 57
      },
      "3": {
        "name": "(anonymous_3)",
        "decl": {
          "start": {
            "line": 88,
            "column": 18
          },
          "end": {
            "line": 88,
            "column": 19
          }
        },
        "loc": {
          "start": {
            "line": 89,
            "column": 12
          },
          "end": {
            "line": 91,
            "column": 18
          }
        },
        "line": 89
      },
      "4": {
        "name": "(anonymous_4)",
        "decl": {
          "start": {
            "line": 97,
            "column": 18
          },
          "end": {
            "line": 97,
            "column": 19
          }
        },
        "loc": {
          "start": {
            "line": 98,
            "column": 12
          },
          "end": {
            "line": 100,
            "column": 18
          }
        },
        "line": 98
      }
    },
    "branchMap": {
      "0": {
        "loc": {
          "start": {
            "line": 29,
            "column": 9
          },
          "end": {
            "line": 105,
            "column": 3
          }
        },
        "type": "cond-expr",
        "locations": [
          {
            "start": {
              "line": 30,
              "column": 4
            },
            "end": {
              "line": 32,
              "column": 11
            }
          },
          {
            "start": {
              "line": 33,
              "column": 6
            },
            "end": {
              "line": 105,
              "column": 3
            }
          }
        ],
        "line": 29
      },
      "1": {
        "loc": {
          "start": {
            "line": 33,
            "column": 6
          },
          "end": {
            "line": 105,
            "column": 3
          }
        },
        "type": "cond-expr",
        "locations": [
          {
            "start": {
              "line": 34,
              "column": 4
            },
            "end": {
              "line": 34,
              "column": 145
            }
          },
          {
            "start": {
              "line": 36,
              "column": 4
            },
            "end": {
              "line": 104,
              "column": 11
            }
          }
        ],
        "line": 33
      },
      "2": {
        "loc": {
          "start": {
            "line": 71,
            "column": 17
          },
          "end": {
            "line": 80,
            "column": 17
          }
        },
        "type": "cond-expr",
        "locations": [
          {
            "start": {
              "line": 72,
              "column": 18
            },
            "end": {
              "line": 74,
              "column": 28
            }
          },
          {
            "start": {
              "line": 76,
              "column": 18
            },
            "end": {
              "line": 79,
              "column": 20
            }
          }
        ],
        "line": 71
      }
    },
    "s": {
      "0": 6,
      "1": 10,
      "2": 10,
      "3": 10,
      "4": 10,
      "5": 10,
      "6": 1,
      "7": 0,
      "8": 0,
      "9": 0
    },
    "f": {
      "0": 10,
      "1": 1,
      "2": 0,
      "3": 0,
      "4": 0
    },
    "b": {
      "0": [
        6,
        4
      ],
      "1": [
        1,
        3
      ],
      "2": [
        0,
        0
      ]
    },
    "_coverageSchema": "1a1c01bbd47fc00a2c39e90264f33305004495a9",
    "hash": "b9a7b7049e1fb327b002b351bfe880f9e0e9edf9"
  },
  "/Users/piperjarrett/mod3/re-sip-e_fe/src/reportWebVitals.js": {
    "path": "/Users/piperjarrett/mod3/re-sip-e_fe/src/reportWebVitals.js",
    "statementMap": {
      "0": {
        "start": {
          "line": 1,
          "column": 24
        },
        "end": {
          "line": 11,
          "column": 1
        }
      },
      "1": {
        "start": {
          "line": 2,
          "column": 2
        },
        "end": {
          "line": 10,
          "column": 3
        }
      },
      "2": {
        "start": {
          "line": 3,
          "column": 4
        },
        "end": {
          "line": 9,
          "column": 7
        }
      },
      "3": {
        "start": {
          "line": 4,
          "column": 6
        },
        "end": {
          "line": 4,
          "column": 26
        }
      },
      "4": {
        "start": {
          "line": 5,
          "column": 6
        },
        "end": {
          "line": 5,
          "column": 26
        }
      },
      "5": {
        "start": {
          "line": 6,
          "column": 6
        },
        "end": {
          "line": 6,
          "column": 26
        }
      },
      "6": {
        "start": {
          "line": 7,
          "column": 6
        },
        "end": {
          "line": 7,
          "column": 26
        }
      },
      "7": {
        "start": {
          "line": 8,
          "column": 6
        },
        "end": {
          "line": 8,
          "column": 27
        }
      }
    },
    "fnMap": {
      "0": {
        "name": "(anonymous_0)",
        "decl": {
          "start": {
            "line": 1,
            "column": 24
          },
          "end": {
            "line": 1,
            "column": 25
          }
        },
        "loc": {
          "start": {
            "line": 1,
            "column": 39
          },
          "end": {
            "line": 11,
            "column": 1
          }
        },
        "line": 1
      },
      "1": {
        "name": "(anonymous_1)",
        "decl": {
          "start": {
            "line": 3,
            "column": 30
          },
          "end": {
            "line": 3,
            "column": 31
          }
        },
        "loc": {
          "start": {
            "line": 3,
            "column": 79
          },
          "end": {
            "line": 9,
            "column": 5
          }
        },
        "line": 3
      }
    },
    "branchMap": {
      "0": {
        "loc": {
          "start": {
            "line": 2,
            "column": 2
          },
          "end": {
            "line": 10,
            "column": 3
          }
        },
        "type": "if",
        "locations": [
          {
            "start": {
              "line": 2,
              "column": 2
            },
            "end": {
              "line": 10,
              "column": 3
            }
          },
          {
            "start": {
              "line": 2,
              "column": 2
            },
            "end": {
              "line": 10,
              "column": 3
            }
          }
        ],
        "line": 2
      },
      "1": {
        "loc": {
          "start": {
            "line": 2,
            "column": 6
          },
          "end": {
            "line": 2,
            "column": 52
          }
        },
        "type": "binary-expr",
        "locations": [
          {
            "start": {
              "line": 2,
              "column": 6
            },
            "end": {
              "line": 2,
              "column": 17
            }
          },
          {
            "start": {
              "line": 2,
              "column": 21
            },
            "end": {
              "line": 2,
              "column": 52
            }
          }
        ],
        "line": 2
      }
    },
    "s": {
      "0": 6,
      "1": 6,
      "2": 0,
      "3": 0,
      "4": 0,
      "5": 0,
      "6": 0,
      "7": 0
    },
    "f": {
      "0": 6,
      "1": 0
    },
    "b": {
      "0": [
        0,
        6
      ],
      "1": [
        6,
        0
      ]
    },
    "_coverageSchema": "1a1c01bbd47fc00a2c39e90264f33305004495a9",
    "hash": "ce1c541881639a96153fdae1f6788a82ee2a2a4b"
  },
  "/Users/piperjarrett/mod3/re-sip-e_fe/src/index.js": {
    "path": "/Users/piperjarrett/mod3/re-sip-e_fe/src/index.js",
    "statementMap": {
      "0": {
        "start": {
          "line": 10,
          "column": 15
        },
        "end": {
          "line": 13,
          "column": 2
        }
      },
      "1": {
        "start": {
          "line": 15,
          "column": 13
        },
        "end": {
          "line": 15,
          "column": 65
        }
      },
      "2": {
        "start": {
          "line": 16,
          "column": 0
        },
        "end": {
          "line": 24,
          "column": 2
        }
      },
      "3": {
        "start": {
          "line": 29,
          "column": 0
        },
        "end": {
          "line": 29,
          "column": 18
        }
      }
    },
    "fnMap": {},
    "branchMap": {},
    "s": {
      "0": 6,
      "1": 6,
      "2": 6,
      "3": 6
    },
    "f": {},
    "b": {},
    "_coverageSchema": "1a1c01bbd47fc00a2c39e90264f33305004495a9",
    "hash": "fd86d3a46a7b4e259a40d436fbe7af74fa743964"
  }
}